2026-04-03 20:21:36,371 [BotG] SKIP | eth-updown-5m-1775247600 | Reason: zero_momentum | Data: mom=0.0
2026-04-03 20:21:36,446 [BotG] SKIP | eth-updown-5m-1775247600 | Reason: below_floor:0.0058 | Data: mom=-0.0058
2026-04-03 20:21:36,522 [BotG] SKIP | doge-updown-5m-1775247600 | Reason: zero_momentum | Data: mom=0.0
2026-04-03 20:21:36,607 [BotG] SKIP | doge-updown-5m-1775247600 | Reason: zero_momentum | Data: mom=0.0
2026-04-03 20:21:36,691 [BotG] SKIP | bnb-updown-5m-1775247600 | Reason: zero_momentum | Data: mom=0.0
2026-04-03 20:21:36,769 [BotG] SKIP | bnb-updown-5m-1775247600 | Reason: zero_momentum | Data: mom=0.0
2026-04-03 20:21:36,843 [BotG] SKIP | sol-updown-5m-1775247600 | Reason: zero_momentum | Data: mom=0.0
2026-04-03 20:21:36,920 [BotG] SKIP | sol-updown-5m-1775247600 | Reason: zero_momentum | Data: mom=0.0
2026-04-03 20:21:36,997 [BotG] SKIP | btc-updown-5m-1775247600 | Reason: below_floor:0.0000 | Data: mom=-0.0
2026-04-03 20:21:37,078 [BotG] SKIP | btc-updown-5m-1775247600 | Reason: below_floor:0.0000 | Data: mom=-0.0
2026-04-03 20:21:37,155 [BotG] SKIP | xrp-updown-5m-1775247600 | Reason: below_floor:0.0076 | Data: mom=-0.0076
2026-04-03 20:21:37,228 [BotG] SKIP | xrp-updown-5m-1775247600 | Reason: below_floor:0.0076 | Data: mom=-0.0076
2026-04-03 20:21:47,322 [BotG] SKIP | eth-updown-5m-1775247600 | Reason: below_floor:0.0049 | Data: mom=-0.0049
2026-04-03 20:21:47,400 [BotG] SKIP | eth-updown-5m-1775247600 | Reason: below_floor:0.0049 | Data: mom=-0.0049
2026-04-03 20:21:47,480 [BotG] SKIP | doge-updown-5m-1775247600 | Reason: below_floor:0.0109 | Data: mom=-0.0109
2026-04-03 20:21:47,566 [BotG] SKIP | doge-updown-5m-1775247600 | Reason: below_floor:0.0109 | Data: mom=-0.0109
2026-04-03 20:21:47,656 [BotG] SKIP | bnb-updown-5m-1775247600 | Reason: dead_zone:0.0424 | Data: mom=-0.0424
2026-04-03 20:21:47,737 [BotG] SKIP | bnb-updown-5m-1775247600 | Reason: dead_zone:0.0424 | Data: mom=-0.0424
2026-04-03 20:21:47,821 [BotG] SKIP | sol-updown-5m-1775247600 | Reason: below_floor:0.0125 | Data: mom=-0.0125
2026-04-03 20:21:47,895 [BotG] SKIP | sol-updown-5m-1775247600 | Reason: below_floor:0.0125 | Data: mom=-0.0125
2026-04-03 20:21:47,976 [BotG] SKIP | btc-updown-5m-1775247600 | Reason: zero_momentum | Data: mom=0.0
2026-04-03 20:21:48,053 [BotG] SKIP | btc-updown-5m-1775247600 | Reason: zero_momentum | Data: mom=0.0
2026-04-03 20:21:48,129 [BotG] SKIP | xrp-updown-5m-1775247600 | Reason: zero_momentum | Data: mom=0.0
2026-04-03 20:21:48,205 [BotG] SKIP | xrp-updown-5m-1775247600 | Reason: zero_momentum | Data: mom=0.0
2026-04-03 20:21:58,306 [BotG] SKIP | eth-updown-5m-1775247600 | Reason: below_floor:0.0307 | Data: mom=-0.0307
2026-04-03 20:21:58,383 [BotG] SKIP | eth-updown-5m-1775247600 | Reason: odds_out_of_band | Data: price=0.87 band=0.15-0.85
2026-04-03 20:21:58,458 [BotG] SKIP | doge-updown-5m-1775247600 | Reason: below_floor:0.0218 | Data: mom=-0.0218
2026-04-03 20:21:58,537 [BotG] SKIP | doge-updown-5m-1775247600 | Reason: below_floor:0.0218 | Data: mom=-0.0218
2026-04-03 20:21:58,634 [BotG] SKIP | bnb-updown-5m-1775247600 | Reason: dead_zone:0.0424 | Data: mom=-0.0424
2026-04-03 20:21:58,711 [BotG] SKIP | bnb-updown-5m-1775247600 | Reason: dead_zone:0.0424 | Data: mom=-0.0424
2026-04-03 20:21:58,785 [BotG] SKIP | sol-updown-5m-1775247600 | Reason: dead_zone:0.0498 | Data: mom=-0.0498
2026-04-03 20:21:58,861 [BotG] SKIP | sol-updown-5m-1775247600 | Reason: dead_zone:0.0498 | Data: mom=-0.0498
2026-04-03 20:21:59,003 [BotG] SKIP | btc-updown-5m-1775247600 | Reason: below_floor:0.0081 | Data: mom=-0.0081
2026-04-03 20:21:59,110 [BotG] SKIP | btc-updown-5m-1775247600 | Reason: below_floor:0.0081 | Data: mom=-0.0081
2026-04-03 20:21:59,186 [BotG] SKIP | xrp-updown-5m-1775247600 | Reason: low_stake | Data: stake=0.0
2026-04-03 20:22:09,805 [BotG] SKIP | eth-updown-5m-1775247600 | Reason: below_floor:0.0190 | Data: mom=-0.019
2026-04-03 20:22:09,897 [BotG] SKIP | eth-updown-5m-1775247600 | Reason: odds_out_of_band | Data: price=0.87 band=0.15-0.85
2026-04-03 20:22:09,972 [BotG] SKIP | doge-updown-5m-1775247600 | Reason: dead_zone:0.0435 | Data: mom=-0.0435
2026-04-03 20:22:10,047 [BotG] SKIP | doge-updown-5m-1775247600 | Reason: dead_zone:0.0435 | Data: mom=-0.0435
2026-04-03 20:22:10,124 [BotG] SKIP | bnb-updown-5m-1775247600 | Reason: dead_zone:0.0424 | Data: mom=-0.0424
2026-04-03 20:22:10,198 [BotG] SKIP | bnb-updown-5m-1775247600 | Reason: dead_zone:0.0424 | Data: mom=-0.0424
2026-04-03 20:22:10,279 [BotG] SKIP | sol-updown-5m-1775247600 | Reason: below_floor:0.0125 | Data: mom=-0.0125
2026-04-03 20:22:10,352 [BotG] SKIP | sol-updown-5m-1775247600 | Reason: below_floor:0.0125 | Data: mom=-0.0125
2026-04-03 20:22:10,428 [BotG] SKIP | btc-updown-5m-1775247600 | Reason: below_floor:0.0081 | Data: mom=-0.0081
2026-04-03 20:22:10,529 [BotG] SKIP | btc-updown-5m-1775247600 | Reason: below_floor:0.0081 | Data: mom=-0.0081
2026-04-03 20:22:10,604 [BotG] SKIP | xrp-updown-5m-1775247600 | Reason: strict_market_lockout | Data: market_id=0x7385b7e6660de7c215957b9e72ba6c99342aef6a525bd302a8163e8a6b125cf1
2026-04-03 20:22:10,681 [BotG] SKIP | xrp-updown-5m-1775247600 | Reason: strict_market_lockout | Data: market_id=0x7385b7e6660de7c215957b9e72ba6c99342aef6a525bd302a8163e8a6b125cf1
2026-04-03 20:22:20,773 [BotG] SKIP | eth-updown-5m-1775247600 | Reason: below_floor:0.0039 | Data: mom=-0.0039
2026-04-03 20:22:20,855 [BotG] SKIP | eth-updown-5m-1775247600 | Reason: below_floor:0.0039 | Data: mom=-0.0039
2026-04-03 20:22:20,931 [BotG] SKIP | doge-updown-5m-1775247600 | Reason: below_floor:0.0109 | Data: mom=-0.0109
2026-04-03 20:22:21,038 [BotG] SKIP | doge-updown-5m-1775247600 | Reason: below_floor:0.0109 | Data: mom=-0.0109
2026-04-03 20:22:21,147 [BotG] SKIP | bnb-updown-5m-1775247600 | Reason: zero_momentum | Data: mom=0.0
2026-04-03 20:22:21,225 [BotG] SKIP | bnb-updown-5m-1775247600 | Reason: zero_momentum | Data: mom=0.0
2026-04-03 20:22:21,826 [BotG] SKIP | sol-updown-5m-1775247600 | Reason: strict_market_lockout | Data: market_id=0x554e457c3c7f507367d69e123331d0e6c589da03e0a16d5dbd30626809ea26bd
2026-04-03 20:22:21,905 [BotG] SKIP | btc-updown-5m-1775247600 | Reason: below_floor:0.0031 | Data: mom=0.0031
2026-04-03 20:22:21,989 [BotG] SKIP | btc-updown-5m-1775247600 | Reason: below_floor:0.0031 | Data: mom=0.0031
2026-04-03 20:22:22,091 [BotG] SKIP | xrp-updown-5m-1775247600 | Reason: strict_market_lockout | Data: market_id=0x7385b7e6660de7c215957b9e72ba6c99342aef6a525bd302a8163e8a6b125cf1
2026-04-03 20:22:22,170 [BotG] SKIP | xrp-updown-5m-1775247600 | Reason: strict_market_lockout | Data: market_id=0x7385b7e6660de7c215957b9e72ba6c99342aef6a525bd302a8163e8a6b125cf1
2026-04-03 20:22:32,259 [BotG] SKIP | eth-updown-5m-1775247600 | Reason: below_floor:0.0119 | Data: mom=0.0119
2026-04-03 20:22:32,337 [BotG] SKIP | eth-updown-5m-1775247600 | Reason: below_floor:0.0119 | Data: mom=0.0119
2026-04-03 20:22:32,447 [BotG] SKIP | doge-updown-5m-1775247600 | Reason: below_floor:0.0109 | Data: mom=0.0109
2026-04-03 20:22:32,524 [BotG] SKIP | doge-updown-5m-1775247600 | Reason: below_floor:0.0109 | Data: mom=0.0109
2026-04-03 20:22:32,617 [BotG] SKIP | bnb-updown-5m-1775247600 | Reason: below_floor:0.0085 | Data: mom=0.0085
2026-04-03 20:22:32,711 [BotG] SKIP | bnb-updown-5m-1775247600 | Reason: below_floor:0.0085 | Data: mom=0.0085
2026-04-03 20:22:32,788 [BotG] SKIP | sol-updown-5m-1775247600 | Reason: strict_market_lockout | Data: market_id=0x554e457c3c7f507367d69e123331d0e6c589da03e0a16d5dbd30626809ea26bd
2026-04-03 20:22:32,862 [BotG] SKIP | sol-updown-5m-1775247600 | Reason: strict_market_lockout | Data: market_id=0x554e457c3c7f507367d69e123331d0e6c589da03e0a16d5dbd30626809ea26bd
2026-04-03 20:22:32,989 [BotG] SKIP | btc-updown-5m-1775247600 | Reason: below_floor:0.0031 | Data: mom=0.0031
2026-04-03 20:22:33,116 [BotG] SKIP | btc-updown-5m-1775247600 | Reason: below_floor:0.0031 | Data: mom=0.0031
2026-04-03 20:22:33,195 [BotG] SKIP | xrp-updown-5m-1775247600 | Reason: strict_market_lockout | Data: market_id=0x7385b7e6660de7c215957b9e72ba6c99342aef6a525bd302a8163e8a6b125cf1
2026-04-03 20:22:33,278 [BotG] SKIP | xrp-updown-5m-1775247600 | Reason: strict_market_lockout | Data: market_id=0x7385b7e6660de7c215957b9e72ba6c99342aef6a525bd302a8163e8a6b125cf1
2026-04-03 20:22:43,374 [BotG] SKIP | eth-updown-5m-1775247600 | Reason: below_floor:0.0093 | Data: mom=0.0093
2026-04-03 20:22:43,449 [BotG] SKIP | eth-updown-5m-1775247600 | Reason: below_floor:0.0093 | Data: mom=0.0093
2026-04-03 20:22:43,529 [BotG] SKIP | doge-updown-5m-1775247600 | Reason: below_floor:0.0109 | Data: mom=-0.0109
2026-04-03 20:22:43,603 [BotG] SKIP | doge-updown-5m-1775247600 | Reason: below_floor:0.0109 | Data: mom=-0.0109
2026-04-03 20:22:43,678 [BotG] SKIP | bnb-updown-5m-1775247600 | Reason: below_floor:0.0085 | Data: mom=0.0085
2026-04-03 20:22:43,753 [BotG] SKIP | bnb-updown-5m-1775247600 | Reason: below_floor:0.0085 | Data: mom=0.0085
2026-04-03 20:22:43,832 [BotG] SKIP | sol-updown-5m-1775247600 | Reason: strict_market_lockout | Data: market_id=0x554e457c3c7f507367d69e123331d0e6c589da03e0a16d5dbd30626809ea26bd
2026-04-03 20:22:43,908 [BotG] SKIP | sol-updown-5m-1775247600 | Reason: strict_market_lockout | Data: market_id=0x554e457c3c7f507367d69e123331d0e6c589da03e0a16d5dbd30626809ea26bd
2026-04-03 20:22:43,984 [BotG] SKIP | btc-updown-5m-1775247600 | Reason: below_floor:0.0118 | Data: mom=-0.0118
2026-04-03 20:22:44,077 [BotG] SKIP | btc-updown-5m-1775247600 | Reason: below_floor:0.0118 | Data: mom=-0.0118
2026-04-03 20:22:44,151 [BotG] SKIP | xrp-updown-5m-1775247600 | Reason: strict_market_lockout | Data: market_id=0x7385b7e6660de7c215957b9e72ba6c99342aef6a525bd302a8163e8a6b125cf1
2026-04-03 20:22:44,229 [BotG] SKIP | xrp-updown-5m-1775247600 | Reason: strict_market_lockout | Data: market_id=0x7385b7e6660de7c215957b9e72ba6c99342aef6a525bd302a8163e8a6b125cf1
2026-04-03 20:22:54,642 [BotG] SKIP | eth-updown-5m-1775247600 | Reason: odds_out_of_band | Data: price=0.14 band=0.15-0.85
2026-04-03 20:22:54,723 [BotG] SKIP | eth-updown-5m-1775247600 | Reason: odds_out_of_band | Data: price=0.88 band=0.15-0.85
2026-04-03 20:22:54,802 [BotG] SKIP | doge-updown-5m-1775247600 | Reason: odds_out_of_band | Data: price=0.13 band=0.15-0.85
2026-04-03 20:22:54,899 [BotG] SKIP | doge-updown-5m-1775247600 | Reason: zero_momentum | Data: mom=0.0
2026-04-03 20:22:54,976 [BotG] SKIP | bnb-updown-5m-1775247600 | Reason: below_floor:0.0255 | Data: mom=0.0255
2026-04-03 20:22:55,053 [BotG] SKIP | bnb-updown-5m-1775247600 | Reason: below_floor:0.0255 | Data: mom=0.0255
2026-04-03 20:22:55,129 [BotG] SKIP | sol-updown-5m-1775247600 | Reason: strict_market_lockout | Data: market_id=0x554e457c3c7f507367d69e123331d0e6c589da03e0a16d5dbd30626809ea26bd
2026-04-03 20:22:55,210 [BotG] SKIP | sol-updown-5m-1775247600 | Reason: strict_market_lockout | Data: market_id=0x554e457c3c7f507367d69e123331d0e6c589da03e0a16d5dbd30626809ea26bd
2026-04-03 20:22:55,286 [BotG] SKIP | btc-updown-5m-1775247600 | Reason: below_floor:0.0117 | Data: mom=-0.0117
2026-04-03 20:22:55,362 [BotG] SKIP | btc-updown-5m-1775247600 | Reason: below_floor:0.0117 | Data: mom=-0.0117
2026-04-03 20:22:55,446 [BotG] SKIP | xrp-updown-5m-1775247600 | Reason: strict_market_lockout | Data: market_id=0x7385b7e6660de7c215957b9e72ba6c99342aef6a525bd302a8163e8a6b125cf1
2026-04-03 20:22:55,529 [BotG] SKIP | xrp-updown-5m-1775247600 | Reason: strict_market_lockout | Data: market_id=0x7385b7e6660de7c215957b9e72ba6c99342aef6a525bd302a8163e8a6b125cf1
2026-04-03 20:23:06,158 [BotG] SKIP | eth-updown-5m-1775247600 | Reason: odds_out_of_band | Data: price=0.1 band=0.15-0.85
2026-04-03 20:23:06,235 [BotG] SKIP | eth-updown-5m-1775247600 | Reason: odds_out_of_band | Data: price=0.9 band=0.15-0.85
2026-04-03 20:23:06,311 [BotG] SKIP | doge-updown-5m-1775247600 | Reason: odds_out_of_band | Data: price=0.13 band=0.15-0.85
2026-04-03 20:23:06,402 [BotG] SKIP | doge-updown-5m-1775247600 | Reason: zero_momentum | Data: mom=0.0
2026-04-03 20:23:06,481 [BotG] SKIP | bnb-updown-5m-1775247600 | Reason: below_floor:0.0170 | Data: mom=0.017
2026-04-03 20:23:06,564 [BotG] SKIP | bnb-updown-5m-1775247600 | Reason: below_floor:0.0170 | Data: mom=0.017
2026-04-03 20:23:06,646 [BotG] SKIP | sol-updown-5m-1775247600 | Reason: strict_market_lockout | Data: market_id=0x554e457c3c7f507367d69e123331d0e6c589da03e0a16d5dbd30626809ea26bd
2026-04-03 20:23:06,722 [BotG] SKIP | sol-updown-5m-1775247600 | Reason: strict_market_lockout | Data: market_id=0x554e457c3c7f507367d69e123331d0e6c589da03e0a16d5dbd30626809ea26bd
2026-04-03 20:23:06,801 [BotG] SKIP | btc-updown-5m-1775247600 | Reason: below_floor:0.0239 | Data: mom=0.0239
2026-04-03 20:23:06,877 [BotG] SKIP | btc-updown-5m-1775247600 | Reason: below_floor:0.0269 | Data: mom=0.0269
2026-04-03 20:23:06,955 [BotG] SKIP | xrp-updown-5m-1775247600 | Reason: strict_market_lockout | Data: market_id=0x7385b7e6660de7c215957b9e72ba6c99342aef6a525bd302a8163e8a6b125cf1
2026-04-03 20:23:07,032 [BotG] SKIP | xrp-updown-5m-1775247600 | Reason: strict_market_lockout | Data: market_id=0x7385b7e6660de7c215957b9e72ba6c99342aef6a525bd302a8163e8a6b125cf1
2026-04-03 20:23:17,637 [BotG] SKIP | eth-updown-5m-1775247600 | Reason: odds_out_of_band | Data: price=0.11 band=0.15-0.85
2026-04-03 20:23:17,715 [BotG] SKIP | eth-updown-5m-1775247600 | Reason: odds_out_of_band | Data: price=0.9 band=0.15-0.85
2026-04-03 20:23:17,803 [BotG] SKIP | doge-updown-5m-1775247600 | Reason: odds_out_of_band | Data: price=0.13 band=0.15-0.85
2026-04-03 20:23:17,909 [BotG] SKIP | doge-updown-5m-1775247600 | Reason: below_floor:0.0109 | Data: mom=0.0109
2026-04-03 20:23:18,004 [BotG] SKIP | bnb-updown-5m-1775247600 | Reason: below_floor:0.0170 | Data: mom=0.017
2026-04-03 20:23:18,080 [BotG] SKIP | bnb-updown-5m-1775247600 | Reason: below_floor:0.0170 | Data: mom=0.017
2026-04-03 20:23:18,155 [BotG] SKIP | sol-updown-5m-1775247600 | Reason: strict_market_lockout | Data: market_id=0x554e457c3c7f507367d69e123331d0e6c589da03e0a16d5dbd30626809ea26bd
2026-04-03 20:23:18,270 [BotG] SKIP | sol-updown-5m-1775247600 | Reason: strict_market_lockout | Data: market_id=0x554e457c3c7f507367d69e123331d0e6c589da03e0a16d5dbd30626809ea26bd
2026-04-03 20:23:18,371 [BotG] SKIP | btc-updown-5m-1775247600 | Reason: below_floor:0.0060 | Data: mom=0.006
2026-04-03 20:23:18,486 [BotG] SKIP | btc-updown-5m-1775247600 | Reason: below_floor:0.0060 | Data: mom=0.006
2026-04-03 20:23:18,564 [BotG] SKIP | xrp-updown-5m-1775247600 | Reason: strict_market_lockout | Data: market_id=0x7385b7e6660de7c215957b9e72ba6c99342aef6a525bd302a8163e8a6b125cf1
2026-04-03 20:23:18,672 [BotG] SKIP | xrp-updown-5m-1775247600 | Reason: strict_market_lockout | Data: market_id=0x7385b7e6660de7c215957b9e72ba6c99342aef6a525bd302a8163e8a6b125cf1
2026-04-03 20:23:29,115 [BotG] SKIP | eth-updown-5m-1775247600 | Reason: below_floor:0.0122 | Data: mom=0.0122
2026-04-03 20:23:29,200 [BotG] SKIP | eth-updown-5m-1775247600 | Reason: odds_out_of_band | Data: price=0.88 band=0.15-0.85
2026-04-03 20:23:29,287 [BotG] SKIP | doge-updown-5m-1775247600 | Reason: odds_out_of_band | Data: price=0.13 band=0.15-0.85
2026-04-03 20:23:29,364 [BotG] SKIP | doge-updown-5m-1775247600 | Reason: odds_out_of_band | Data: price=0.9 band=0.15-0.85
2026-04-03 20:23:29,443 [BotG] SKIP | bnb-updown-5m-1775247600 | Reason: zero_momentum | Data: mom=0.0
2026-04-03 20:23:29,529 [BotG] SKIP | bnb-updown-5m-1775247600 | Reason: zero_momentum | Data: mom=0.0
2026-04-03 20:23:29,610 [BotG] SKIP | sol-updown-5m-1775247600 | Reason: strict_market_lockout | Data: market_id=0x554e457c3c7f507367d69e123331d0e6c589da03e0a16d5dbd30626809ea26bd
2026-04-03 20:23:29,701 [BotG] SKIP | sol-updown-5m-1775247600 | Reason: strict_market_lockout | Data: market_id=0x554e457c3c7f507367d69e123331d0e6c589da03e0a16d5dbd30626809ea26bd
2026-04-03 20:23:29,782 [BotG] SKIP | btc-updown-5m-1775247600 | Reason: below_floor:0.0101 | Data: mom=0.0101
2026-04-03 20:23:29,865 [BotG] SKIP | btc-updown-5m-1775247600 | Reason: below_floor:0.0101 | Data: mom=0.0101
2026-04-03 20:23:29,947 [BotG] SKIP | xrp-updown-5m-1775247600 | Reason: strict_market_lockout | Data: market_id=0x7385b7e6660de7c215957b9e72ba6c99342aef6a525bd302a8163e8a6b125cf1
2026-04-03 20:23:30,025 [BotG] SKIP | xrp-updown-5m-1775247600 | Reason: strict_market_lockout | Data: market_id=0x7385b7e6660de7c215957b9e72ba6c99342aef6a525bd302a8163e8a6b125cf1
2026-04-03 20:23:40,560 [BotG] SKIP | eth-updown-5m-1775247600 | Reason: max_secs_into_win | Data: into=220.6s
2026-04-03 20:23:40,637 [BotG] SKIP | eth-updown-5m-1775247600 | Reason: max_secs_into_win | Data: into=220.6s
2026-04-03 20:23:40,718 [BotG] SKIP | doge-updown-5m-1775247600 | Reason: max_secs_into_win | Data: into=220.7s
2026-04-03 20:23:40,802 [BotG] SKIP | doge-updown-5m-1775247600 | Reason: max_secs_into_win | Data: into=220.8s
2026-04-03 20:23:40,877 [BotG] SKIP | bnb-updown-5m-1775247600 | Reason: max_secs_into_win | Data: into=220.9s
2026-04-03 20:23:40,957 [BotG] SKIP | bnb-updown-5m-1775247600 | Reason: max_secs_into_win | Data: into=221.0s
2026-04-03 20:23:41,041 [BotG] SKIP | sol-updown-5m-1775247600 | Reason: strict_market_lockout | Data: market_id=0x554e457c3c7f507367d69e123331d0e6c589da03e0a16d5dbd30626809ea26bd
2026-04-03 20:23:41,138 [BotG] SKIP | sol-updown-5m-1775247600 | Reason: strict_market_lockout | Data: market_id=0x554e457c3c7f507367d69e123331d0e6c589da03e0a16d5dbd30626809ea26bd
2026-04-03 20:23:41,215 [BotG] SKIP | btc-updown-5m-1775247600 | Reason: max_secs_into_win | Data: into=221.2s
2026-04-03 20:23:41,297 [BotG] SKIP | btc-updown-5m-1775247600 | Reason: max_secs_into_win | Data: into=221.3s
2026-04-03 20:23:41,394 [BotG] SKIP | xrp-updown-5m-1775247600 | Reason: strict_market_lockout | Data: market_id=0x7385b7e6660de7c215957b9e72ba6c99342aef6a525bd302a8163e8a6b125cf1
2026-04-03 20:23:41,470 [BotG] SKIP | xrp-updown-5m-1775247600 | Reason: strict_market_lockout | Data: market_id=0x7385b7e6660de7c215957b9e72ba6c99342aef6a525bd302a8163e8a6b125cf1
2026-04-03 20:23:52,001 [BotG] SKIP | eth-updown-5m-1775247600 | Reason: max_secs_into_win | Data: into=232.0s
2026-04-03 20:23:52,081 [BotG] SKIP | eth-updown-5m-1775247600 | Reason: max_secs_into_win | Data: into=232.1s
2026-04-03 20:23:52,162 [BotG] SKIP | doge-updown-5m-1775247600 | Reason: max_secs_into_win | Data: into=232.2s
2026-04-03 20:23:52,253 [BotG] SKIP | doge-updown-5m-1775247600 | Reason: max_secs_into_win | Data: into=232.3s
2026-04-03 20:23:52,334 [BotG] SKIP | bnb-updown-5m-1775247600 | Reason: max_secs_into_win | Data: into=232.3s
2026-04-03 20:23:52,409 [BotG] SKIP | bnb-updown-5m-1775247600 | Reason: max_secs_into_win | Data: into=232.4s
2026-04-03 20:23:52,489 [BotG] SKIP | sol-updown-5m-1775247600 | Reason: strict_market_lockout | Data: market_id=0x554e457c3c7f507367d69e123331d0e6c589da03e0a16d5dbd30626809ea26bd
2026-04-03 20:23:52,592 [BotG] SKIP | sol-updown-5m-1775247600 | Reason: strict_market_lockout | Data: market_id=0x554e457c3c7f507367d69e123331d0e6c589da03e0a16d5dbd30626809ea26bd
2026-04-03 20:23:52,679 [BotG] SKIP | btc-updown-5m-1775247600 | Reason: max_secs_into_win | Data: into=232.7s
2026-04-03 20:23:52,757 [BotG] SKIP | btc-updown-5m-1775247600 | Reason: max_secs_into_win | Data: into=232.8s
2026-04-03 20:23:52,843 [BotG] SKIP | xrp-updown-5m-1775247600 | Reason: strict_market_lockout | Data: market_id=0x7385b7e6660de7c215957b9e72ba6c99342aef6a525bd302a8163e8a6b125cf1
2026-04-03 20:23:52,918 [BotG] SKIP | xrp-updown-5m-1775247600 | Reason: strict_market_lockout | Data: market_id=0x7385b7e6660de7c215957b9e72ba6c99342aef6a525bd302a8163e8a6b125cf1
2026-04-03 20:24:03,563 [BotG] SKIP | eth-updown-5m-1775247600 | Reason: min_secs_remaining | Data: rem=56.5s
2026-04-03 20:24:03,645 [BotG] SKIP | eth-updown-5m-1775247600 | Reason: min_secs_remaining | Data: rem=56.4s
2026-04-03 20:24:03,724 [BotG] SKIP | doge-updown-5m-1775247600 | Reason: min_secs_remaining | Data: rem=56.4s
2026-04-03 20:24:03,810 [BotG] SKIP | doge-updown-5m-1775247600 | Reason: min_secs_remaining | Data: rem=56.3s
2026-04-03 20:24:03,895 [BotG] SKIP | bnb-updown-5m-1775247600 | Reason: min_secs_remaining | Data: rem=56.2s
2026-04-03 20:24:03,973 [BotG] SKIP | bnb-updown-5m-1775247600 | Reason: min_secs_remaining | Data: rem=56.1s
2026-04-03 20:24:04,053 [BotG] SKIP | sol-updown-5m-1775247600 | Reason: strict_market_lockout | Data: market_id=0x554e457c3c7f507367d69e123331d0e6c589da03e0a16d5dbd30626809ea26bd
2026-04-03 20:24:04,147 [BotG] SKIP | sol-updown-5m-1775247600 | Reason: strict_market_lockout | Data: market_id=0x554e457c3c7f507367d69e123331d0e6c589da03e0a16d5dbd30626809ea26bd
2026-04-03 20:24:04,227 [BotG] SKIP | btc-updown-5m-1775247600 | Reason: min_secs_remaining | Data: rem=55.9s
2026-04-03 20:24:04,305 [BotG] SKIP | btc-updown-5m-1775247600 | Reason: min_secs_remaining | Data: rem=55.8s
2026-04-03 20:24:04,385 [BotG] SKIP | xrp-updown-5m-1775247600 | Reason: strict_market_lockout | Data: market_id=0x7385b7e6660de7c215957b9e72ba6c99342aef6a525bd302a8163e8a6b125cf1
2026-04-03 20:24:04,466 [BotG] SKIP | xrp-updown-5m-1775247600 | Reason: strict_market_lockout | Data: market_id=0x7385b7e6660de7c215957b9e72ba6c99342aef6a525bd302a8163e8a6b125cf1
2026-04-03 20:24:15,054 [BotG] SKIP | eth-updown-5m-1775247600 | Reason: min_secs_remaining | Data: rem=45.0s
2026-04-03 20:24:15,132 [BotG] SKIP | eth-updown-5m-1775247600 | Reason: min_secs_remaining | Data: rem=44.9s
2026-04-03 20:24:15,217 [BotG] SKIP | doge-updown-5m-1775247600 | Reason: min_secs_remaining | Data: rem=44.9s
2026-04-03 20:24:15,298 [BotG] SKIP | doge-updown-5m-1775247600 | Reason: min_secs_remaining | Data: rem=44.8s
2026-04-03 20:24:15,372 [BotG] SKIP | bnb-updown-5m-1775247600 | Reason: min_secs_remaining | Data: rem=44.7s
2026-04-03 20:24:15,449 [BotG] SKIP | bnb-updown-5m-1775247600 | Reason: min_secs_remaining | Data: rem=44.6s
2026-04-03 20:24:15,526 [BotG] SKIP | sol-updown-5m-1775247600 | Reason: strict_market_lockout | Data: market_id=0x554e457c3c7f507367d69e123331d0e6c589da03e0a16d5dbd30626809ea26bd
2026-04-03 20:24:15,614 [BotG] SKIP | sol-updown-5m-1775247600 | Reason: strict_market_lockout | Data: market_id=0x554e457c3c7f507367d69e123331d0e6c589da03e0a16d5dbd30626809ea26bd
2026-04-03 20:24:15,690 [BotG] SKIP | btc-updown-5m-1775247600 | Reason: min_secs_remaining | Data: rem=44.4s
2026-04-03 20:24:15,775 [BotG] SKIP | btc-updown-5m-1775247600 | Reason: min_secs_remaining | Data: rem=44.3s
2026-04-03 20:24:15,864 [BotG] SKIP | xrp-updown-5m-1775247600 | Reason: strict_market_lockout | Data: market_id=0x7385b7e6660de7c215957b9e72ba6c99342aef6a525bd302a8163e8a6b125cf1
2026-04-03 20:24:15,942 [BotG] SKIP | xrp-updown-5m-1775247600 | Reason: strict_market_lockout | Data: market_id=0x7385b7e6660de7c215957b9e72ba6c99342aef6a525bd302a8163e8a6b125cf1
2026-04-03 20:24:26,678 [BotG] SKIP | eth-updown-5m-1775247600 | Reason: min_secs_remaining | Data: rem=33.4s
2026-04-03 20:24:26,755 [BotG] SKIP | eth-updown-5m-1775247600 | Reason: min_secs_remaining | Data: rem=33.3s
2026-04-03 20:24:26,838 [BotG] SKIP | doge-updown-5m-1775247600 | Reason: min_secs_remaining | Data: rem=33.2s
2026-04-03 20:24:26,918 [BotG] SKIP | doge-updown-5m-1775247600 | Reason: min_secs_remaining | Data: rem=33.2s
2026-04-03 20:24:27,003 [BotG] SKIP | bnb-updown-5m-1775247600 | Reason: min_secs_remaining | Data: rem=33.1s
2026-04-03 20:24:27,089 [BotG] SKIP | bnb-updown-5m-1775247600 | Reason: min_secs_remaining | Data: rem=33.0s
2026-04-03 20:24:27,171 [BotG] SKIP | sol-updown-5m-1775247600 | Reason: strict_market_lockout | Data: market_id=0x554e457c3c7f507367d69e123331d0e6c589da03e0a16d5dbd30626809ea26bd
2026-04-03 20:24:27,248 [BotG] SKIP | sol-updown-5m-1775247600 | Reason: strict_market_lockout | Data: market_id=0x554e457c3c7f507367d69e123331d0e6c589da03e0a16d5dbd30626809ea26bd
2026-04-03 20:24:27,329 [BotG] SKIP | btc-updown-5m-1775247600 | Reason: min_secs_remaining | Data: rem=32.8s
2026-04-03 20:24:27,413 [BotG] SKIP | btc-updown-5m-1775247600 | Reason: min_secs_remaining | Data: rem=32.7s
2026-04-03 20:24:27,489 [BotG] SKIP | xrp-updown-5m-1775247600 | Reason: strict_market_lockout | Data: market_id=0x7385b7e6660de7c215957b9e72ba6c99342aef6a525bd302a8163e8a6b125cf1
2026-04-03 20:24:27,566 [BotG] SKIP | xrp-updown-5m-1775247600 | Reason: strict_market_lockout | Data: market_id=0x7385b7e6660de7c215957b9e72ba6c99342aef6a525bd302a8163e8a6b125cf1
2026-04-03 20:24:38,157 [BotG] SKIP | eth-updown-5m-1775247600 | Reason: min_secs_remaining | Data: rem=21.9s
2026-04-03 20:24:38,244 [BotG] SKIP | eth-updown-5m-1775247600 | Reason: min_secs_remaining | Data: rem=21.8s
2026-04-03 20:24:38,320 [BotG] SKIP | doge-updown-5m-1775247600 | Reason: min_secs_remaining | Data: rem=21.8s
2026-04-03 20:24:38,396 [BotG] SKIP | doge-updown-5m-1775247600 | Reason: min_secs_remaining | Data: rem=21.7s
2026-04-03 20:24:38,478 [BotG] SKIP | bnb-updown-5m-1775247600 | Reason: min_secs_remaining | Data: rem=21.6s
2026-04-03 20:24:38,551 [BotG] SKIP | bnb-updown-5m-1775247600 | Reason: min_secs_remaining | Data: rem=21.5s
2026-04-03 20:24:38,641 [BotG] SKIP | sol-updown-5m-1775247600 | Reason: strict_market_lockout | Data: market_id=0x554e457c3c7f507367d69e123331d0e6c589da03e0a16d5dbd30626809ea26bd
2026-04-03 20:24:38,717 [BotG] SKIP | sol-updown-5m-1775247600 | Reason: strict_market_lockout | Data: market_id=0x554e457c3c7f507367d69e123331d0e6c589da03e0a16d5dbd30626809ea26bd
2026-04-03 20:24:38,805 [BotG] SKIP | btc-updown-5m-1775247600 | Reason: min_secs_remaining | Data: rem=21.3s
2026-04-03 20:24:38,885 [BotG] SKIP | btc-updown-5m-1775247600 | Reason: min_secs_remaining | Data: rem=21.2s
2026-04-03 20:24:38,964 [BotG] SKIP | xrp-updown-5m-1775247600 | Reason: strict_market_lockout | Data: market_id=0x7385b7e6660de7c215957b9e72ba6c99342aef6a525bd302a8163e8a6b125cf1
2026-04-03 20:24:39,041 [BotG] SKIP | xrp-updown-5m-1775247600 | Reason: strict_market_lockout | Data: market_id=0x7385b7e6660de7c215957b9e72ba6c99342aef6a525bd302a8163e8a6b125cf1
2026-04-03 20:24:49,604 [BotG] SKIP | eth-updown-5m-1775247600 | Reason: min_secs_remaining | Data: rem=10.5s
2026-04-03 20:24:49,681 [BotG] SKIP | eth-updown-5m-1775247600 | Reason: min_secs_remaining | Data: rem=10.4s
2026-04-03 20:24:49,758 [BotG] SKIP | doge-updown-5m-1775247600 | Reason: min_secs_remaining | Data: rem=10.3s
2026-04-03 20:24:49,847 [BotG] SKIP | doge-updown-5m-1775247600 | Reason: min_secs_remaining | Data: rem=10.2s
2026-04-03 20:24:49,935 [BotG] SKIP | bnb-updown-5m-1775247600 | Reason: min_secs_remaining | Data: rem=10.2s
2026-04-03 20:24:50,011 [BotG] SKIP | bnb-updown-5m-1775247600 | Reason: min_secs_remaining | Data: rem=10.1s
2026-04-03 20:24:50,089 [BotG] SKIP | sol-updown-5m-1775247600 | Reason: strict_market_lockout | Data: market_id=0x554e457c3c7f507367d69e123331d0e6c589da03e0a16d5dbd30626809ea26bd
2026-04-03 20:24:50,171 [BotG] SKIP | sol-updown-5m-1775247600 | Reason: strict_market_lockout | Data: market_id=0x554e457c3c7f507367d69e123331d0e6c589da03e0a16d5dbd30626809ea26bd
2026-04-03 20:24:50,246 [BotG] SKIP | btc-updown-5m-1775247600 | Reason: min_secs_remaining | Data: rem=9.8s
2026-04-03 20:24:50,327 [BotG] SKIP | btc-updown-5m-1775247600 | Reason: min_secs_remaining | Data: rem=9.8s
2026-04-03 20:24:50,441 [BotG] SKIP | xrp-updown-5m-1775247600 | Reason: strict_market_lockout | Data: market_id=0x7385b7e6660de7c215957b9e72ba6c99342aef6a525bd302a8163e8a6b125cf1
2026-04-03 20:24:50,518 [BotG] SKIP | xrp-updown-5m-1775247600 | Reason: strict_market_lockout | Data: market_id=0x7385b7e6660de7c215957b9e72ba6c99342aef6a525bd302a8163e8a6b125cf1
2026-04-03 20:25:01,647 [BotG] SKIP | eth-updown-5m-1775247900 | Reason: below_floor:0.0088 | Data: mom=-0.0088
2026-04-03 20:25:01,726 [BotG] SKIP | eth-updown-5m-1775247900 | Reason: below_floor:0.0088 | Data: mom=-0.0088
2026-04-03 20:25:01,807 [BotG] SKIP | btc-updown-5m-1775247900 | Reason: below_floor:0.0044 | Data: mom=0.0044
2026-04-03 20:25:01,886 [BotG] SKIP | btc-updown-5m-1775247900 | Reason: below_floor:0.0044 | Data: mom=0.0044
2026-04-03 20:25:01,975 [BotG] SKIP | sol-updown-5m-1775247900 | Reason: zero_momentum | Data: mom=0.0
2026-04-03 20:25:02,054 [BotG] SKIP | sol-updown-5m-1775247900 | Reason: zero_momentum | Data: mom=0.0
2026-04-03 20:25:02,133 [BotG] SKIP | bnb-updown-5m-1775247900 | Reason: below_floor:0.0272 | Data: mom=-0.0272
2026-04-03 20:25:02,218 [BotG] SKIP | bnb-updown-5m-1775247900 | Reason: below_floor:0.0272 | Data: mom=-0.0272
2026-04-03 20:25:02,297 [BotG] SKIP | doge-updown-5m-1775247900 | Reason: below_floor:0.0109 | Data: mom=-0.0109
2026-04-03 20:25:02,370 [BotG] SKIP | doge-updown-5m-1775247900 | Reason: below_floor:0.0109 | Data: mom=-0.0109
2026-04-03 20:25:02,456 [BotG] SKIP | xrp-updown-5m-1775247900 | Reason: below_floor:0.0228 | Data: mom=-0.0228
2026-04-03 20:25:02,540 [BotG] SKIP | xrp-updown-5m-1775247900 | Reason: below_floor:0.0228 | Data: mom=-0.0228
2026-04-03 20:25:12,634 [BotG] SKIP | eth-updown-5m-1775247900 | Reason: zero_momentum | Data: mom=0.0
2026-04-03 20:25:12,713 [BotG] SKIP | eth-updown-5m-1775247900 | Reason: zero_momentum | Data: mom=0.0
2026-04-03 20:25:12,815 [BotG] SKIP | btc-updown-5m-1775247900 | Reason: below_floor:0.0043 | Data: mom=0.0043
2026-04-03 20:25:12,893 [BotG] SKIP | btc-updown-5m-1775247900 | Reason: below_floor:0.0043 | Data: mom=0.0043
2026-04-03 20:25:12,990 [BotG] SKIP | sol-updown-5m-1775247900 | Reason: below_floor:0.0125 | Data: mom=0.0125
2026-04-03 20:25:13,082 [BotG] SKIP | sol-updown-5m-1775247900 | Reason: below_floor:0.0125 | Data: mom=0.0125
2026-04-03 20:25:13,178 [BotG] SKIP | bnb-updown-5m-1775247900 | Reason: below_floor:0.0272 | Data: mom=-0.0272
2026-04-03 20:25:13,257 [BotG] SKIP | bnb-updown-5m-1775247900 | Reason: below_floor:0.0272 | Data: mom=-0.0272
2026-04-03 20:25:13,332 [BotG] SKIP | doge-updown-5m-1775247900 | Reason: zero_momentum | Data: mom=0.0
2026-04-03 20:25:13,407 [BotG] SKIP | doge-updown-5m-1775247900 | Reason: zero_momentum | Data: mom=0.0
2026-04-03 20:25:13,484 [BotG] SKIP | xrp-updown-5m-1775247900 | Reason: below_floor:0.0152 | Data: mom=-0.0152
2026-04-03 20:25:13,568 [BotG] SKIP | xrp-updown-5m-1775247900 | Reason: below_floor:0.0152 | Data: mom=-0.0152
2026-04-03 20:25:24,054 [BotG] SKIP | eth-updown-5m-1775247900 | Reason: below_floor:0.0088 | Data: mom=0.0088
2026-04-03 20:25:24,142 [BotG] SKIP | eth-updown-5m-1775247900 | Reason: below_floor:0.0088 | Data: mom=0.0088
2026-04-03 20:25:24,219 [BotG] SKIP | btc-updown-5m-1775247900 | Reason: below_floor:0.0000 | Data: mom=0.0
2026-04-03 20:25:24,300 [BotG] SKIP | btc-updown-5m-1775247900 | Reason: below_floor:0.0000 | Data: mom=0.0
2026-04-03 20:25:24,376 [BotG] SKIP | sol-updown-5m-1775247900 | Reason: below_floor:0.0125 | Data: mom=-0.0125
2026-04-03 20:25:24,466 [BotG] SKIP | sol-updown-5m-1775247900 | Reason: below_floor:0.0125 | Data: mom=-0.0125
2026-04-03 20:25:24,559 [BotG] SKIP | bnb-updown-5m-1775247900 | Reason: zero_momentum | Data: mom=0.0
2026-04-03 20:25:24,638 [BotG] SKIP | bnb-updown-5m-1775247900 | Reason: zero_momentum | Data: mom=0.0
2026-04-03 20:25:24,731 [BotG] SKIP | doge-updown-5m-1775247900 | Reason: below_floor:0.0109 | Data: mom=0.0109
2026-04-03 20:25:24,811 [BotG] SKIP | doge-updown-5m-1775247900 | Reason: below_floor:0.0109 | Data: mom=0.0109
2026-04-03 20:25:24,906 [BotG] SKIP | xrp-updown-5m-1775247900 | Reason: zero_momentum | Data: mom=0.0
2026-04-03 20:25:24,983 [BotG] SKIP | xrp-updown-5m-1775247900 | Reason: zero_momentum | Data: mom=0.0
2026-04-03 20:25:35,579 [BotG] SKIP | eth-updown-5m-1775247900 | Reason: below_floor:0.0005 | Data: mom=-0.0005
2026-04-03 20:25:35,677 [BotG] SKIP | eth-updown-5m-1775247900 | Reason: below_floor:0.0005 | Data: mom=-0.0005
2026-04-03 20:25:35,757 [BotG] SKIP | btc-updown-5m-1775247900 | Reason: below_floor:0.0062 | Data: mom=-0.0062
2026-04-03 20:25:35,834 [BotG] SKIP | btc-updown-5m-1775247900 | Reason: below_floor:0.0062 | Data: mom=-0.0062
2026-04-03 20:25:35,974 [BotG] SKIP | sol-updown-5m-1775247900 | Reason: below_floor:0.0187 | Data: mom=0.0187
2026-04-03 20:25:36,052 [BotG] SKIP | sol-updown-5m-1775247900 | Reason: below_floor:0.0249 | Data: mom=0.0249
2026-04-03 20:25:36,128 [BotG] SKIP | bnb-updown-5m-1775247900 | Reason: below_floor:0.0051 | Data: mom=-0.0051
2026-04-03 20:25:36,239 [BotG] SKIP | bnb-updown-5m-1775247900 | Reason: below_floor:0.0051 | Data: mom=-0.0051
2026-04-03 20:25:36,318 [BotG] SKIP | doge-updown-5m-1775247900 | Reason: below_floor:0.0109 | Data: mom=-0.0109
2026-04-03 20:25:36,398 [BotG] SKIP | doge-updown-5m-1775247900 | Reason: below_floor:0.0109 | Data: mom=-0.0109
2026-04-03 20:25:36,476 [BotG] SKIP | xrp-updown-5m-1775247900 | Reason: below_floor:0.0076 | Data: mom=-0.0076
2026-04-03 20:25:36,565 [BotG] SKIP | xrp-updown-5m-1775247900 | Reason: below_floor:0.0076 | Data: mom=-0.0076
2026-04-03 20:25:47,078 [BotG] SKIP | eth-updown-5m-1775247900 | Reason: below_floor:0.0166 | Data: mom=0.0166
2026-04-03 20:25:47,167 [BotG] SKIP | eth-updown-5m-1775247900 | Reason: below_floor:0.0156 | Data: mom=0.0156
2026-04-03 20:25:47,248 [BotG] SKIP | btc-updown-5m-1775247900 | Reason: below_floor:0.0157 | Data: mom=-0.0157
2026-04-03 20:25:47,327 [BotG] SKIP | btc-updown-5m-1775247900 | Reason: below_floor:0.0157 | Data: mom=-0.0157
2026-04-03 20:25:47,899 [BotG] SKIP | sol-updown-5m-1775247900 | Reason: strict_market_lockout | Data: market_id=0x7c093c16f0a4e4becbadfea4d81cf976ddc659220d35045a9aab91585bdfaa35
2026-04-03 20:25:47,987 [BotG] SKIP | bnb-updown-5m-1775247900 | Reason: dead_zone:0.0458 | Data: mom=-0.0458
2026-04-03 20:25:48,079 [BotG] SKIP | bnb-updown-5m-1775247900 | Reason: dead_zone:0.0458 | Data: mom=-0.0458
2026-04-03 20:25:48,165 [BotG] SKIP | doge-updown-5m-1775247900 | Reason: below_floor:0.0109 | Data: mom=0.0109
2026-04-03 20:25:48,262 [BotG] SKIP | doge-updown-5m-1775247900 | Reason: below_floor:0.0109 | Data: mom=0.0109
2026-04-03 20:25:48,346 [BotG] SKIP | xrp-updown-5m-1775247900 | Reason: zero_momentum | Data: mom=0.0
2026-04-03 20:25:48,423 [BotG] SKIP | xrp-updown-5m-1775247900 | Reason: zero_momentum | Data: mom=0.0
2026-04-03 20:25:58,845 [BotG] SKIP | eth-updown-5m-1775247900 | Reason: below_floor:0.0034 | Data: mom=-0.0034
2026-04-03 20:25:58,921 [BotG] SKIP | eth-updown-5m-1775247900 | Reason: below_floor:0.0034 | Data: mom=-0.0034
2026-04-03 20:25:59,005 [BotG] SKIP | btc-updown-5m-1775247900 | Reason: below_floor:0.0095 | Data: mom=-0.0095
2026-04-03 20:25:59,086 [BotG] SKIP | btc-updown-5m-1775247900 | Reason: below_floor:0.0095 | Data: mom=-0.0095
2026-04-03 20:25:59,164 [BotG] SKIP | sol-updown-5m-1775247900 | Reason: strict_market_lockout | Data: market_id=0x7c093c16f0a4e4becbadfea4d81cf976ddc659220d35045a9aab91585bdfaa35
2026-04-03 20:25:59,246 [BotG] SKIP | sol-updown-5m-1775247900 | Reason: strict_market_lockout | Data: market_id=0x7c093c16f0a4e4becbadfea4d81cf976ddc659220d35045a9aab91585bdfaa35
2026-04-03 20:25:59,351 [BotG] SKIP | bnb-updown-5m-1775247900 | Reason: dead_zone:0.0458 | Data: mom=-0.0458
2026-04-03 20:25:59,427 [BotG] SKIP | bnb-updown-5m-1775247900 | Reason: dead_zone:0.0458 | Data: mom=-0.0458
2026-04-03 20:25:59,502 [BotG] SKIP | doge-updown-5m-1775247900 | Reason: below_floor:0.0218 | Data: mom=0.0218
2026-04-03 20:25:59,585 [BotG] SKIP | doge-updown-5m-1775247900 | Reason: below_floor:0.0218 | Data: mom=0.0218
2026-04-03 20:25:59,663 [BotG] SKIP | xrp-updown-5m-1775247900 | Reason: zero_momentum | Data: mom=0.0
2026-04-03 20:25:59,751 [BotG] SKIP | xrp-updown-5m-1775247900 | Reason: zero_momentum | Data: mom=0.0
2026-04-03 20:26:10,655 [BotG] SKIP | eth-updown-5m-1775247900 | Reason: below_floor:0.0180 | Data: mom=0.018
2026-04-03 20:26:10,731 [BotG] SKIP | eth-updown-5m-1775247900 | Reason: below_floor:0.0175 | Data: mom=0.0175
2026-04-03 20:26:10,806 [BotG] SKIP | btc-updown-5m-1775247900 | Reason: below_floor:0.0091 | Data: mom=0.0091
2026-04-03 20:26:10,886 [BotG] SKIP | btc-updown-5m-1775247900 | Reason: below_floor:0.0091 | Data: mom=0.0091
2026-04-03 20:26:10,967 [BotG] SKIP | sol-updown-5m-1775247900 | Reason: strict_market_lockout | Data: market_id=0x7c093c16f0a4e4becbadfea4d81cf976ddc659220d35045a9aab91585bdfaa35
2026-04-03 20:26:11,047 [BotG] SKIP | sol-updown-5m-1775247900 | Reason: strict_market_lockout | Data: market_id=0x7c093c16f0a4e4becbadfea4d81cf976ddc659220d35045a9aab91585bdfaa35
2026-04-03 20:26:11,121 [BotG] SKIP | bnb-updown-5m-1775247900 | Reason: dead_zone:0.0408 | Data: mom=-0.0408
2026-04-03 20:26:11,208 [BotG] SKIP | bnb-updown-5m-1775247900 | Reason: dead_zone:0.0408 | Data: mom=-0.0408
2026-04-03 20:26:11,287 [BotG] SKIP | doge-updown-5m-1775247900 | Reason: zero_momentum | Data: mom=0.0
2026-04-03 20:26:11,363 [BotG] SKIP | doge-updown-5m-1775247900 | Reason: zero_momentum | Data: mom=0.0
2026-04-03 20:26:11,441 [BotG] SKIP | xrp-updown-5m-1775247900 | Reason: zero_momentum | Data: mom=0.0
2026-04-03 20:26:11,517 [BotG] SKIP | xrp-updown-5m-1775247900 | Reason: zero_momentum | Data: mom=0.0
2026-04-03 20:26:22,447 [BotG] SKIP | eth-updown-5m-1775247900 | Reason: below_floor:0.0073 | Data: mom=-0.0073
2026-04-03 20:26:22,523 [BotG] SKIP | eth-updown-5m-1775247900 | Reason: below_floor:0.0073 | Data: mom=-0.0073
2026-04-03 20:26:22,599 [BotG] SKIP | btc-updown-5m-1775247900 | Reason: zero_momentum | Data: mom=0.0
2026-04-03 20:26:22,718 [BotG] SKIP | btc-updown-5m-1775247900 | Reason: zero_momentum | Data: mom=0.0
2026-04-03 20:26:22,809 [BotG] SKIP | sol-updown-5m-1775247900 | Reason: strict_market_lockout | Data: market_id=0x7c093c16f0a4e4becbadfea4d81cf976ddc659220d35045a9aab91585bdfaa35
2026-04-03 20:26:22,886 [BotG] SKIP | sol-updown-5m-1775247900 | Reason: strict_market_lockout | Data: market_id=0x7c093c16f0a4e4becbadfea4d81cf976ddc659220d35045a9aab91585bdfaa35
2026-04-03 20:26:22,991 [BotG] SKIP | bnb-updown-5m-1775247900 | Reason: zero_momentum | Data: mom=0.0
2026-04-03 20:26:23,094 [BotG] SKIP | bnb-updown-5m-1775247900 | Reason: zero_momentum | Data: mom=0.0
2026-04-03 20:26:23,182 [BotG] SKIP | doge-updown-5m-1775247900 | Reason: below_floor:0.0109 | Data: mom=-0.0109
2026-04-03 20:26:23,256 [BotG] SKIP | doge-updown-5m-1775247900 | Reason: below_floor:0.0109 | Data: mom=-0.0109
2026-04-03 20:26:23,363 [BotG] SKIP | xrp-updown-5m-1775247900 | Reason: below_floor:0.0076 | Data: mom=-0.0076
2026-04-03 20:26:23,441 [BotG] SKIP | xrp-updown-5m-1775247900 | Reason: below_floor:0.0076 | Data: mom=-0.0076
2026-04-03 20:26:34,177 [BotG] SKIP | eth-updown-5m-1775247900 | Reason: below_floor:0.0117 | Data: mom=0.0117
2026-04-03 20:26:34,253 [BotG] SKIP | eth-updown-5m-1775247900 | Reason: below_floor:0.0117 | Data: mom=0.0117
2026-04-03 20:26:34,334 [BotG] SKIP | btc-updown-5m-1775247900 | Reason: zero_momentum | Data: mom=0.0
2026-04-03 20:26:34,413 [BotG] SKIP | btc-updown-5m-1775247900 | Reason: zero_momentum | Data: mom=0.0
2026-04-03 20:26:34,493 [BotG] SKIP | sol-updown-5m-1775247900 | Reason: strict_market_lockout | Data: market_id=0x7c093c16f0a4e4becbadfea4d81cf976ddc659220d35045a9aab91585bdfaa35
2026-04-03 20:26:34,569 [BotG] SKIP | sol-updown-5m-1775247900 | Reason: strict_market_lockout | Data: market_id=0x7c093c16f0a4e4becbadfea4d81cf976ddc659220d35045a9aab91585bdfaa35
2026-04-03 20:26:34,683 [BotG] SKIP | bnb-updown-5m-1775247900 | Reason: zero_momentum | Data: mom=0.0
2026-04-03 20:26:34,774 [BotG] SKIP | bnb-updown-5m-1775247900 | Reason: zero_momentum | Data: mom=0.0
2026-04-03 20:26:34,855 [BotG] SKIP | doge-updown-5m-1775247900 | Reason: below_floor:0.0109 | Data: mom=-0.0109
2026-04-03 20:26:34,931 [BotG] SKIP | doge-updown-5m-1775247900 | Reason: below_floor:0.0109 | Data: mom=-0.0109
2026-04-03 20:26:35,005 [BotG] SKIP | xrp-updown-5m-1775247900 | Reason: below_floor:0.0228 | Data: mom=-0.0228
2026-04-03 20:26:35,082 [BotG] SKIP | xrp-updown-5m-1775247900 | Reason: below_floor:0.0228 | Data: mom=-0.0228
2026-04-03 20:26:46,032 [BotG] SKIP | eth-updown-5m-1775247900 | Reason: below_floor:0.0093 | Data: mom=0.0093
2026-04-03 20:26:46,126 [BotG] SKIP | eth-updown-5m-1775247900 | Reason: below_floor:0.0093 | Data: mom=0.0093
2026-04-03 20:26:46,204 [BotG] SKIP | btc-updown-5m-1775247900 | Reason: below_floor:0.0004 | Data: mom=0.0004
2026-04-03 20:26:46,280 [BotG] SKIP | btc-updown-5m-1775247900 | Reason: below_floor:0.0004 | Data: mom=0.0004
2026-04-03 20:26:46,356 [BotG] SKIP | sol-updown-5m-1775247900 | Reason: strict_market_lockout | Data: market_id=0x7c093c16f0a4e4becbadfea4d81cf976ddc659220d35045a9aab91585bdfaa35
2026-04-03 20:26:46,435 [BotG] SKIP | sol-updown-5m-1775247900 | Reason: strict_market_lockout | Data: market_id=0x7c093c16f0a4e4becbadfea4d81cf976ddc659220d35045a9aab91585bdfaa35
2026-04-03 20:26:46,511 [BotG] SKIP | bnb-updown-5m-1775247900 | Reason: below_floor:0.0085 | Data: mom=0.0085
2026-04-03 20:26:46,589 [BotG] SKIP | bnb-updown-5m-1775247900 | Reason: below_floor:0.0085 | Data: mom=0.0085
2026-04-03 20:26:46,666 [BotG] SKIP | doge-updown-5m-1775247900 | Reason: zero_momentum | Data: mom=0.0
2026-04-03 20:26:46,749 [BotG] SKIP | doge-updown-5m-1775247900 | Reason: zero_momentum | Data: mom=0.0
2026-04-03 20:26:46,831 [BotG] SKIP | xrp-updown-5m-1775247900 | Reason: below_floor:0.0152 | Data: mom=-0.0152
2026-04-03 20:26:46,922 [BotG] SKIP | xrp-updown-5m-1775247900 | Reason: below_floor:0.0152 | Data: mom=-0.0152
2026-04-03 20:26:58,429 [BotG] SKIP | eth-updown-5m-1775247900 | Reason: below_floor:0.0263 | Data: mom=0.0263
2026-04-03 20:26:58,507 [BotG] SKIP | eth-updown-5m-1775247900 | Reason: below_floor:0.0263 | Data: mom=0.0263
2026-04-03 20:26:58,585 [BotG] SKIP | btc-updown-5m-1775247900 | Reason: below_floor:0.0004 | Data: mom=-0.0004
2026-04-03 20:26:58,664 [BotG] SKIP | btc-updown-5m-1775247900 | Reason: below_floor:0.0004 | Data: mom=-0.0004
2026-04-03 20:26:58,739 [BotG] SKIP | sol-updown-5m-1775247900 | Reason: strict_market_lockout | Data: market_id=0x7c093c16f0a4e4becbadfea4d81cf976ddc659220d35045a9aab91585bdfaa35
2026-04-03 20:26:58,814 [BotG] SKIP | sol-updown-5m-1775247900 | Reason: strict_market_lockout | Data: market_id=0x7c093c16f0a4e4becbadfea4d81cf976ddc659220d35045a9aab91585bdfaa35
2026-04-03 20:26:58,909 [BotG] SKIP | bnb-updown-5m-1775247900 | Reason: below_floor:0.0085 | Data: mom=0.0085
2026-04-03 20:26:58,988 [BotG] SKIP | bnb-updown-5m-1775247900 | Reason: below_floor:0.0085 | Data: mom=0.0085
2026-04-03 20:26:59,064 [BotG] SKIP | doge-updown-5m-1775247900 | Reason: below_floor:0.0218 | Data: mom=-0.0218
2026-04-03 20:26:59,140 [BotG] SKIP | doge-updown-5m-1775247900 | Reason: below_floor:0.0218 | Data: mom=-0.0218
2026-04-03 20:26:59,215 [BotG] SKIP | xrp-updown-5m-1775247900 | Reason: below_floor:0.0076 | Data: mom=0.0076
2026-04-03 20:26:59,328 [BotG] SKIP | xrp-updown-5m-1775247900 | Reason: below_floor:0.0076 | Data: mom=0.0076
2026-04-03 20:27:10,722 [BotG] SKIP | eth-updown-5m-1775247900 | Reason: zero_momentum | Data: mom=0.0
2026-04-03 20:27:10,799 [BotG] SKIP | eth-updown-5m-1775247900 | Reason: zero_momentum | Data: mom=0.0
2026-04-03 20:27:10,876 [BotG] SKIP | btc-updown-5m-1775247900 | Reason: zero_momentum | Data: mom=0.0
2026-04-03 20:27:10,963 [BotG] SKIP | btc-updown-5m-1775247900 | Reason: zero_momentum | Data: mom=0.0
2026-04-03 20:27:11,044 [BotG] SKIP | sol-updown-5m-1775247900 | Reason: strict_market_lockout | Data: market_id=0x7c093c16f0a4e4becbadfea4d81cf976ddc659220d35045a9aab91585bdfaa35
2026-04-03 20:27:11,130 [BotG] SKIP | sol-updown-5m-1775247900 | Reason: strict_market_lockout | Data: market_id=0x7c093c16f0a4e4becbadfea4d81cf976ddc659220d35045a9aab91585bdfaa35
2026-04-03 20:27:11,208 [BotG] SKIP | bnb-updown-5m-1775247900 | Reason: below_floor:0.0085 | Data: mom=0.0085
2026-04-03 20:27:11,296 [BotG] SKIP | bnb-updown-5m-1775247900 | Reason: below_floor:0.0085 | Data: mom=0.0085
2026-04-03 20:27:11,372 [BotG] SKIP | doge-updown-5m-1775247900 | Reason: dead_zone:0.0545 | Data: mom=-0.0545
2026-04-03 20:27:11,474 [BotG] SKIP | doge-updown-5m-1775247900 | Reason: dead_zone:0.0545 | Data: mom=-0.0545
2026-04-03 20:27:11,551 [BotG] SKIP | xrp-updown-5m-1775247900 | Reason: below_floor:0.0015 | Data: mom=0.0015
2026-04-03 20:27:11,637 [BotG] SKIP | xrp-updown-5m-1775247900 | Reason: below_floor:0.0015 | Data: mom=0.0015
2026-04-03 20:27:23,110 [BotG] SKIP | eth-updown-5m-1775247900 | Reason: zero_momentum | Data: mom=0.0
2026-04-03 20:27:23,193 [BotG] SKIP | eth-updown-5m-1775247900 | Reason: zero_momentum | Data: mom=0.0
2026-04-03 20:27:23,270 [BotG] SKIP | btc-updown-5m-1775247900 | Reason: below_floor:0.0071 | Data: mom=0.0071
2026-04-03 20:27:23,347 [BotG] SKIP | btc-updown-5m-1775247900 | Reason: below_floor:0.0072 | Data: mom=0.0072
2026-04-03 20:27:23,425 [BotG] SKIP | sol-updown-5m-1775247900 | Reason: strict_market_lockout | Data: market_id=0x7c093c16f0a4e4becbadfea4d81cf976ddc659220d35045a9aab91585bdfaa35
2026-04-03 20:27:23,504 [BotG] SKIP | sol-updown-5m-1775247900 | Reason: strict_market_lockout | Data: market_id=0x7c093c16f0a4e4becbadfea4d81cf976ddc659220d35045a9aab91585bdfaa35
2026-04-03 20:27:23,596 [BotG] SKIP | bnb-updown-5m-1775247900 | Reason: below_floor:0.0323 | Data: mom=0.0323
2026-04-03 20:27:23,683 [BotG] SKIP | bnb-updown-5m-1775247900 | Reason: below_floor:0.0323 | Data: mom=0.0323
2026-04-03 20:27:23,781 [BotG] SKIP | doge-updown-5m-1775247900 | Reason: below_floor:0.0327 | Data: mom=-0.0327
2026-04-03 20:27:23,857 [BotG] SKIP | doge-updown-5m-1775247900 | Reason: below_floor:0.0327 | Data: mom=-0.0327
2026-04-03 20:27:23,938 [BotG] SKIP | xrp-updown-5m-1775247900 | Reason: zero_momentum | Data: mom=0.0
2026-04-03 20:27:24,018 [BotG] SKIP | xrp-updown-5m-1775247900 | Reason: zero_momentum | Data: mom=0.0
2026-04-03 20:27:35,483 [BotG] SKIP | eth-updown-5m-1775247900 | Reason: below_floor:0.0039 | Data: mom=0.0039
2026-04-03 20:27:35,581 [BotG] SKIP | eth-updown-5m-1775247900 | Reason: below_floor:0.0039 | Data: mom=0.0039
2026-04-03 20:27:35,661 [BotG] SKIP | btc-updown-5m-1775247900 | Reason: below_floor:0.0012 | Data: mom=0.0012
2026-04-03 20:27:35,747 [BotG] SKIP | btc-updown-5m-1775247900 | Reason: below_floor:0.0012 | Data: mom=0.0012
2026-04-03 20:27:35,824 [BotG] SKIP | sol-updown-5m-1775247900 | Reason: strict_market_lockout | Data: market_id=0x7c093c16f0a4e4becbadfea4d81cf976ddc659220d35045a9aab91585bdfaa35
2026-04-03 20:27:35,904 [BotG] SKIP | sol-updown-5m-1775247900 | Reason: strict_market_lockout | Data: market_id=0x7c093c16f0a4e4becbadfea4d81cf976ddc659220d35045a9aab91585bdfaa35
2026-04-03 20:27:35,993 [BotG] SKIP | bnb-updown-5m-1775247900 | Reason: below_floor:0.0323 | Data: mom=0.0323
2026-04-03 20:27:36,080 [BotG] SKIP | bnb-updown-5m-1775247900 | Reason: below_floor:0.0323 | Data: mom=0.0323
2026-04-03 20:27:36,156 [BotG] SKIP | doge-updown-5m-1775247900 | Reason: below_floor:0.0218 | Data: mom=-0.0218
2026-04-03 20:27:36,262 [BotG] SKIP | doge-updown-5m-1775247900 | Reason: below_floor:0.0218 | Data: mom=-0.0218
2026-04-03 20:27:36,340 [BotG] SKIP | xrp-updown-5m-1775247900 | Reason: below_floor:0.0228 | Data: mom=0.0228
2026-04-03 20:27:36,433 [BotG] SKIP | xrp-updown-5m-1775247900 | Reason: below_floor:0.0228 | Data: mom=0.0228
2026-04-03 20:27:47,796 [BotG] SKIP | eth-updown-5m-1775247900 | Reason: below_floor:0.0175 | Data: mom=0.0175
2026-04-03 20:27:47,891 [BotG] SKIP | eth-updown-5m-1775247900 | Reason: below_floor:0.0175 | Data: mom=0.0175
2026-04-03 20:27:47,969 [BotG] SKIP | btc-updown-5m-1775247900 | Reason: below_floor:0.0068 | Data: mom=0.0068
2026-04-03 20:27:48,047 [BotG] SKIP | btc-updown-5m-1775247900 | Reason: below_floor:0.0068 | Data: mom=0.0068
2026-04-03 20:27:48,122 [BotG] SKIP | sol-updown-5m-1775247900 | Reason: strict_market_lockout | Data: market_id=0x7c093c16f0a4e4becbadfea4d81cf976ddc659220d35045a9aab91585bdfaa35
2026-04-03 20:27:48,199 [BotG] SKIP | sol-updown-5m-1775247900 | Reason: strict_market_lockout | Data: market_id=0x7c093c16f0a4e4becbadfea4d81cf976ddc659220d35045a9aab91585bdfaa35
2026-04-03 20:27:48,281 [BotG] SKIP | bnb-updown-5m-1775247900 | Reason: below_floor:0.0323 | Data: mom=0.0323
2026-04-03 20:27:48,372 [BotG] SKIP | bnb-updown-5m-1775247900 | Reason: below_floor:0.0323 | Data: mom=0.0323
2026-04-03 20:27:48,460 [BotG] SKIP | doge-updown-5m-1775247900 | Reason: zero_momentum | Data: mom=0.0
2026-04-03 20:27:48,543 [BotG] SKIP | doge-updown-5m-1775247900 | Reason: zero_momentum | Data: mom=0.0
2026-04-03 20:27:48,619 [BotG] SKIP | xrp-updown-5m-1775247900 | Reason: below_floor:0.0304 | Data: mom=0.0304
2026-04-03 20:27:48,700 [BotG] SKIP | xrp-updown-5m-1775247900 | Reason: below_floor:0.0304 | Data: mom=0.0304
2026-04-03 20:28:00,172 [BotG] SKIP | eth-updown-5m-1775247900 | Reason: below_floor:0.0015 | Data: mom=0.0015
2026-04-03 20:28:00,248 [BotG] SKIP | eth-updown-5m-1775247900 | Reason: below_floor:0.0015 | Data: mom=0.0015
2026-04-03 20:28:00,346 [BotG] SKIP | btc-updown-5m-1775247900 | Reason: below_floor:0.0042 | Data: mom=0.0042
2026-04-03 20:28:00,430 [BotG] SKIP | btc-updown-5m-1775247900 | Reason: below_floor:0.0042 | Data: mom=0.0042
2026-04-03 20:28:00,508 [BotG] SKIP | sol-updown-5m-1775247900 | Reason: strict_market_lockout | Data: market_id=0x7c093c16f0a4e4becbadfea4d81cf976ddc659220d35045a9aab91585bdfaa35
2026-04-03 20:28:00,584 [BotG] SKIP | sol-updown-5m-1775247900 | Reason: strict_market_lockout | Data: market_id=0x7c093c16f0a4e4becbadfea4d81cf976ddc659220d35045a9aab91585bdfaa35
2026-04-03 20:28:00,661 [BotG] SKIP | bnb-updown-5m-1775247900 | Reason: zero_momentum | Data: mom=0.0
2026-04-03 20:28:00,765 [BotG] SKIP | bnb-updown-5m-1775247900 | Reason: zero_momentum | Data: mom=0.0
2026-04-03 20:28:00,845 [BotG] SKIP | doge-updown-5m-1775247900 | Reason: zero_momentum | Data: mom=0.0
2026-04-03 20:28:00,925 [BotG] SKIP | doge-updown-5m-1775247900 | Reason: zero_momentum | Data: mom=0.0
2026-04-03 20:28:01,002 [BotG] SKIP | xrp-updown-5m-1775247900 | Reason: below_floor:0.0266 | Data: mom=0.0266
2026-04-03 20:28:01,077 [BotG] SKIP | xrp-updown-5m-1775247900 | Reason: below_floor:0.0266 | Data: mom=0.0266
2026-04-03 20:28:12,574 [BotG] SKIP | eth-updown-5m-1775247900 | Reason: below_floor:0.0019 | Data: mom=0.0019
2026-04-03 20:28:12,655 [BotG] SKIP | eth-updown-5m-1775247900 | Reason: below_floor:0.0019 | Data: mom=0.0019
2026-04-03 20:28:12,735 [BotG] SKIP | btc-updown-5m-1775247900 | Reason: below_floor:0.0042 | Data: mom=0.0042
2026-04-03 20:28:12,817 [BotG] SKIP | btc-updown-5m-1775247900 | Reason: below_floor:0.0042 | Data: mom=0.0042
2026-04-03 20:28:12,900 [BotG] SKIP | sol-updown-5m-1775247900 | Reason: strict_market_lockout | Data: market_id=0x7c093c16f0a4e4becbadfea4d81cf976ddc659220d35045a9aab91585bdfaa35
2026-04-03 20:28:12,978 [BotG] SKIP | sol-updown-5m-1775247900 | Reason: strict_market_lockout | Data: market_id=0x7c093c16f0a4e4becbadfea4d81cf976ddc659220d35045a9aab91585bdfaa35
2026-04-03 20:28:13,059 [BotG] SKIP | bnb-updown-5m-1775247900 | Reason: below_floor:0.0102 | Data: mom=0.0102
2026-04-03 20:28:13,145 [BotG] SKIP | bnb-updown-5m-1775247900 | Reason: below_floor:0.0102 | Data: mom=0.0102
2026-04-03 20:28:13,224 [BotG] SKIP | doge-updown-5m-1775247900 | Reason: below_floor:0.0109 | Data: mom=-0.0109
2026-04-03 20:28:13,306 [BotG] SKIP | doge-updown-5m-1775247900 | Reason: below_floor:0.0109 | Data: mom=-0.0109
2026-04-03 20:28:13,384 [BotG] SKIP | xrp-updown-5m-1775247900 | Reason: dead_zone:0.0425 | Data: mom=0.0425
2026-04-03 20:28:13,471 [BotG] SKIP | xrp-updown-5m-1775247900 | Reason: dead_zone:0.0425 | Data: mom=0.0425
2026-04-03 20:28:24,946 [BotG] SKIP | eth-updown-5m-1775247900 | Reason: below_floor:0.0010 | Data: mom=0.001
2026-04-03 20:28:25,034 [BotG] SKIP | eth-updown-5m-1775247900 | Reason: below_floor:0.0010 | Data: mom=0.001
2026-04-03 20:28:25,122 [BotG] SKIP | btc-updown-5m-1775247900 | Reason: zero_momentum | Data: mom=0.0
2026-04-03 20:28:25,196 [BotG] SKIP | btc-updown-5m-1775247900 | Reason: below_floor:0.0000 | Data: mom=0.0
2026-04-03 20:28:25,321 [BotG] SKIP | sol-updown-5m-1775247900 | Reason: strict_market_lockout | Data: market_id=0x7c093c16f0a4e4becbadfea4d81cf976ddc659220d35045a9aab91585bdfaa35
2026-04-03 20:28:25,397 [BotG] SKIP | sol-updown-5m-1775247900 | Reason: strict_market_lockout | Data: market_id=0x7c093c16f0a4e4becbadfea4d81cf976ddc659220d35045a9aab91585bdfaa35
2026-04-03 20:28:25,477 [BotG] SKIP | bnb-updown-5m-1775247900 | Reason: below_floor:0.0102 | Data: mom=0.0102
2026-04-03 20:28:25,559 [BotG] SKIP | bnb-updown-5m-1775247900 | Reason: below_floor:0.0102 | Data: mom=0.0102
2026-04-03 20:28:25,640 [BotG] SKIP | doge-updown-5m-1775247900 | Reason: below_floor:0.0327 | Data: mom=0.0327
2026-04-03 20:28:25,717 [BotG] SKIP | doge-updown-5m-1775247900 | Reason: below_floor:0.0327 | Data: mom=0.0327
2026-04-03 20:28:25,799 [BotG] SKIP | xrp-updown-5m-1775247900 | Reason: below_floor:0.0076 | Data: mom=0.0076
2026-04-03 20:28:25,876 [BotG] SKIP | xrp-updown-5m-1775247900 | Reason: below_floor:0.0076 | Data: mom=0.0076
2026-04-03 20:28:37,231 [BotG] SKIP | eth-updown-5m-1775247900 | Reason: max_secs_into_win | Data: into=217.2s
2026-04-03 20:28:37,319 [BotG] SKIP | eth-updown-5m-1775247900 | Reason: max_secs_into_win | Data: into=217.3s
2026-04-03 20:28:37,399 [BotG] SKIP | btc-updown-5m-1775247900 | Reason: max_secs_into_win | Data: into=217.4s
2026-04-03 20:28:37,478 [BotG] SKIP | btc-updown-5m-1775247900 | Reason: max_secs_into_win | Data: into=217.5s
2026-04-03 20:28:37,556 [BotG] SKIP | sol-updown-5m-1775247900 | Reason: strict_market_lockout | Data: market_id=0x7c093c16f0a4e4becbadfea4d81cf976ddc659220d35045a9aab91585bdfaa35
2026-04-03 20:28:37,638 [BotG] SKIP | sol-updown-5m-1775247900 | Reason: strict_market_lockout | Data: market_id=0x7c093c16f0a4e4becbadfea4d81cf976ddc659220d35045a9aab91585bdfaa35
2026-04-03 20:28:37,718 [BotG] SKIP | bnb-updown-5m-1775247900 | Reason: max_secs_into_win | Data: into=217.7s
2026-04-03 20:28:37,793 [BotG] SKIP | bnb-updown-5m-1775247900 | Reason: max_secs_into_win | Data: into=217.8s
2026-04-03 20:28:37,878 [BotG] SKIP | doge-updown-5m-1775247900 | Reason: max_secs_into_win | Data: into=217.9s
2026-04-03 20:28:37,957 [BotG] SKIP | doge-updown-5m-1775247900 | Reason: max_secs_into_win | Data: into=218.0s
2026-04-03 20:28:38,043 [BotG] SKIP | xrp-updown-5m-1775247900 | Reason: max_secs_into_win | Data: into=218.0s
2026-04-03 20:28:38,117 [BotG] SKIP | xrp-updown-5m-1775247900 | Reason: max_secs_into_win | Data: into=218.1s
2026-04-03 20:28:49,606 [BotG] SKIP | eth-updown-5m-1775247900 | Reason: max_secs_into_win | Data: into=229.6s
2026-04-03 20:28:49,683 [BotG] SKIP | eth-updown-5m-1775247900 | Reason: max_secs_into_win | Data: into=229.7s
2026-04-03 20:28:49,763 [BotG] SKIP | btc-updown-5m-1775247900 | Reason: max_secs_into_win | Data: into=229.8s
2026-04-03 20:28:49,842 [BotG] SKIP | btc-updown-5m-1775247900 | Reason: max_secs_into_win | Data: into=229.8s
2026-04-03 20:28:49,939 [BotG] SKIP | sol-updown-5m-1775247900 | Reason: strict_market_lockout | Data: market_id=0x7c093c16f0a4e4becbadfea4d81cf976ddc659220d35045a9aab91585bdfaa35
2026-04-03 20:28:50,018 [BotG] SKIP | sol-updown-5m-1775247900 | Reason: strict_market_lockout | Data: market_id=0x7c093c16f0a4e4becbadfea4d81cf976ddc659220d35045a9aab91585bdfaa35
2026-04-03 20:28:50,101 [BotG] SKIP | bnb-updown-5m-1775247900 | Reason: max_secs_into_win | Data: into=230.1s
2026-04-03 20:28:50,195 [BotG] SKIP | bnb-updown-5m-1775247900 | Reason: max_secs_into_win | Data: into=230.2s
2026-04-03 20:28:50,275 [BotG] SKIP | doge-updown-5m-1775247900 | Reason: max_secs_into_win | Data: into=230.3s
2026-04-03 20:28:50,354 [BotG] SKIP | doge-updown-5m-1775247900 | Reason: max_secs_into_win | Data: into=230.4s
2026-04-03 20:28:50,438 [BotG] SKIP | xrp-updown-5m-1775247900 | Reason: max_secs_into_win | Data: into=230.4s
2026-04-03 20:28:50,517 [BotG] SKIP | xrp-updown-5m-1775247900 | Reason: max_secs_into_win | Data: into=230.5s
2026-04-03 20:29:01,927 [BotG] SKIP | eth-updown-5m-1775247900 | Reason: min_secs_remaining | Data: rem=58.1s
2026-04-03 20:29:02,026 [BotG] SKIP | eth-updown-5m-1775247900 | Reason: min_secs_remaining | Data: rem=58.1s
2026-04-03 20:29:02,111 [BotG] SKIP | btc-updown-5m-1775247900 | Reason: min_secs_remaining | Data: rem=58.0s
2026-04-03 20:29:02,190 [BotG] SKIP | btc-updown-5m-1775247900 | Reason: min_secs_remaining | Data: rem=57.9s
2026-04-03 20:29:02,287 [BotG] SKIP | sol-updown-5m-1775247900 | Reason: strict_market_lockout | Data: market_id=0x7c093c16f0a4e4becbadfea4d81cf976ddc659220d35045a9aab91585bdfaa35
2026-04-03 20:29:02,367 [BotG] SKIP | sol-updown-5m-1775247900 | Reason: strict_market_lockout | Data: market_id=0x7c093c16f0a4e4becbadfea4d81cf976ddc659220d35045a9aab91585bdfaa35
2026-04-03 20:29:02,458 [BotG] SKIP | bnb-updown-5m-1775247900 | Reason: min_secs_remaining | Data: rem=57.6s
2026-04-03 20:29:02,542 [BotG] SKIP | bnb-updown-5m-1775247900 | Reason: min_secs_remaining | Data: rem=57.5s
2026-04-03 20:29:02,628 [BotG] SKIP | doge-updown-5m-1775247900 | Reason: min_secs_remaining | Data: rem=57.5s
2026-04-03 20:29:02,733 [BotG] SKIP | doge-updown-5m-1775247900 | Reason: min_secs_remaining | Data: rem=57.4s
2026-04-03 20:29:02,824 [BotG] SKIP | xrp-updown-5m-1775247900 | Reason: min_secs_remaining | Data: rem=57.3s
2026-04-03 20:29:02,915 [BotG] SKIP | xrp-updown-5m-1775247900 | Reason: min_secs_remaining | Data: rem=57.2s
2026-04-03 20:29:14,271 [BotG] SKIP | eth-updown-5m-1775247900 | Reason: min_secs_remaining | Data: rem=45.8s
2026-04-03 20:29:14,357 [BotG] SKIP | eth-updown-5m-1775247900 | Reason: min_secs_remaining | Data: rem=45.7s
2026-04-03 20:29:14,435 [BotG] SKIP | btc-updown-5m-1775247900 | Reason: min_secs_remaining | Data: rem=45.6s
2026-04-03 20:29:14,515 [BotG] SKIP | btc-updown-5m-1775247900 | Reason: min_secs_remaining | Data: rem=45.6s
2026-04-03 20:29:14,596 [BotG] SKIP | sol-updown-5m-1775247900 | Reason: strict_market_lockout | Data: market_id=0x7c093c16f0a4e4becbadfea4d81cf976ddc659220d35045a9aab91585bdfaa35
2026-04-03 20:29:14,678 [BotG] SKIP | sol-updown-5m-1775247900 | Reason: strict_market_lockout | Data: market_id=0x7c093c16f0a4e4becbadfea4d81cf976ddc659220d35045a9aab91585bdfaa35
2026-04-03 20:29:14,773 [BotG] SKIP | bnb-updown-5m-1775247900 | Reason: min_secs_remaining | Data: rem=45.3s
2026-04-03 20:29:14,854 [BotG] SKIP | bnb-updown-5m-1775247900 | Reason: min_secs_remaining | Data: rem=45.2s
2026-04-03 20:29:14,934 [BotG] SKIP | doge-updown-5m-1775247900 | Reason: min_secs_remaining | Data: rem=45.1s
2026-04-03 20:29:15,029 [BotG] SKIP | doge-updown-5m-1775247900 | Reason: min_secs_remaining | Data: rem=45.1s
2026-04-03 20:29:15,108 [BotG] SKIP | xrp-updown-5m-1775247900 | Reason: min_secs_remaining | Data: rem=45.0s
2026-04-03 20:29:15,186 [BotG] SKIP | xrp-updown-5m-1775247900 | Reason: min_secs_remaining | Data: rem=44.9s
2026-04-03 20:29:26,587 [BotG] SKIP | eth-updown-5m-1775247900 | Reason: min_secs_remaining | Data: rem=33.5s
2026-04-03 20:29:26,665 [BotG] SKIP | eth-updown-5m-1775247900 | Reason: min_secs_remaining | Data: rem=33.4s
2026-04-03 20:29:26,758 [BotG] SKIP | btc-updown-5m-1775247900 | Reason: min_secs_remaining | Data: rem=33.3s
2026-04-03 20:29:26,845 [BotG] SKIP | btc-updown-5m-1775247900 | Reason: min_secs_remaining | Data: rem=33.2s
2026-04-03 20:29:26,934 [BotG] SKIP | sol-updown-5m-1775247900 | Reason: strict_market_lockout | Data: market_id=0x7c093c16f0a4e4becbadfea4d81cf976ddc659220d35045a9aab91585bdfaa35
2026-04-03 20:29:27,032 [BotG] SKIP | sol-updown-5m-1775247900 | Reason: strict_market_lockout | Data: market_id=0x7c093c16f0a4e4becbadfea4d81cf976ddc659220d35045a9aab91585bdfaa35
2026-04-03 20:29:27,113 [BotG] SKIP | bnb-updown-5m-1775247900 | Reason: min_secs_remaining | Data: rem=33.0s
2026-04-03 20:29:27,196 [BotG] SKIP | bnb-updown-5m-1775247900 | Reason: min_secs_remaining | Data: rem=32.9s
2026-04-03 20:29:27,282 [BotG] SKIP | doge-updown-5m-1775247900 | Reason: min_secs_remaining | Data: rem=32.8s
2026-04-03 20:29:27,405 [BotG] SKIP | doge-updown-5m-1775247900 | Reason: min_secs_remaining | Data: rem=32.7s
2026-04-03 20:29:27,483 [BotG] SKIP | xrp-updown-5m-1775247900 | Reason: min_secs_remaining | Data: rem=32.6s
2026-04-03 20:29:27,566 [BotG] SKIP | xrp-updown-5m-1775247900 | Reason: min_secs_remaining | Data: rem=32.5s
2026-04-03 20:29:38,870 [BotG] SKIP | eth-updown-5m-1775247900 | Reason: min_secs_remaining | Data: rem=21.2s
2026-04-03 20:29:38,951 [BotG] SKIP | eth-updown-5m-1775247900 | Reason: min_secs_remaining | Data: rem=21.1s
2026-04-03 20:29:39,031 [BotG] SKIP | btc-updown-5m-1775247900 | Reason: min_secs_remaining | Data: rem=21.0s
2026-04-03 20:29:39,110 [BotG] SKIP | btc-updown-5m-1775247900 | Reason: min_secs_remaining | Data: rem=21.0s
2026-04-03 20:29:39,189 [BotG] SKIP | sol-updown-5m-1775247900 | Reason: strict_market_lockout | Data: market_id=0x7c093c16f0a4e4becbadfea4d81cf976ddc659220d35045a9aab91585bdfaa35
2026-04-03 20:29:39,267 [BotG] SKIP | sol-updown-5m-1775247900 | Reason: strict_market_lockout | Data: market_id=0x7c093c16f0a4e4becbadfea4d81cf976ddc659220d35045a9aab91585bdfaa35
2026-04-03 20:29:39,347 [BotG] SKIP | bnb-updown-5m-1775247900 | Reason: min_secs_remaining | Data: rem=20.7s
2026-04-03 20:29:39,423 [BotG] SKIP | bnb-updown-5m-1775247900 | Reason: min_secs_remaining | Data: rem=20.7s
2026-04-03 20:29:39,500 [BotG] SKIP | doge-updown-5m-1775247900 | Reason: min_secs_remaining | Data: rem=20.6s
2026-04-03 20:29:39,575 [BotG] SKIP | doge-updown-5m-1775247900 | Reason: min_secs_remaining | Data: rem=20.5s
2026-04-03 20:29:39,659 [BotG] SKIP | xrp-updown-5m-1775247900 | Reason: min_secs_remaining | Data: rem=20.4s
2026-04-03 20:29:39,749 [BotG] SKIP | xrp-updown-5m-1775247900 | Reason: min_secs_remaining | Data: rem=20.3s
2026-04-03 20:29:51,197 [BotG] SKIP | eth-updown-5m-1775247900 | Reason: min_secs_remaining | Data: rem=8.9s
2026-04-03 20:29:51,273 [BotG] SKIP | eth-updown-5m-1775247900 | Reason: min_secs_remaining | Data: rem=8.8s
2026-04-03 20:29:51,350 [BotG] SKIP | btc-updown-5m-1775247900 | Reason: min_secs_remaining | Data: rem=8.7s
2026-04-03 20:29:51,428 [BotG] SKIP | btc-updown-5m-1775247900 | Reason: min_secs_remaining | Data: rem=8.6s
2026-04-03 20:29:51,505 [BotG] SKIP | sol-updown-5m-1775247900 | Reason: strict_market_lockout | Data: market_id=0x7c093c16f0a4e4becbadfea4d81cf976ddc659220d35045a9aab91585bdfaa35
2026-04-03 20:29:51,585 [BotG] SKIP | sol-updown-5m-1775247900 | Reason: strict_market_lockout | Data: market_id=0x7c093c16f0a4e4becbadfea4d81cf976ddc659220d35045a9aab91585bdfaa35
2026-04-03 20:29:51,665 [BotG] SKIP | bnb-updown-5m-1775247900 | Reason: min_secs_remaining | Data: rem=8.4s
2026-04-03 20:29:51,740 [BotG] SKIP | bnb-updown-5m-1775247900 | Reason: min_secs_remaining | Data: rem=8.3s
2026-04-03 20:29:51,817 [BotG] SKIP | doge-updown-5m-1775247900 | Reason: min_secs_remaining | Data: rem=8.3s
2026-04-03 20:29:51,894 [BotG] SKIP | doge-updown-5m-1775247900 | Reason: min_secs_remaining | Data: rem=8.2s
2026-04-03 20:29:51,971 [BotG] SKIP | xrp-updown-5m-1775247900 | Reason: min_secs_remaining | Data: rem=8.1s
2026-04-03 20:29:52,050 [BotG] SKIP | xrp-updown-5m-1775247900 | Reason: min_secs_remaining | Data: rem=8.0s
2026-04-03 20:30:04,331 [BotG] SKIP | bnb-updown-5m-1775248200 | Reason: zero_momentum | Data: mom=0.0
2026-04-03 20:30:04,428 [BotG] SKIP | bnb-updown-5m-1775248200 | Reason: zero_momentum | Data: mom=0.0
2026-04-03 20:30:04,508 [BotG] SKIP | btc-updown-5m-1775248200 | Reason: below_floor:0.0029 | Data: mom=0.0029
2026-04-03 20:30:04,587 [BotG] SKIP | btc-updown-5m-1775248200 | Reason: below_floor:0.0029 | Data: mom=0.0029
2026-04-03 20:30:04,665 [BotG] SKIP | sol-updown-5m-1775248200 | Reason: below_floor:0.0125 | Data: mom=-0.0125
2026-04-03 20:30:04,744 [BotG] SKIP | sol-updown-5m-1775248200 | Reason: zero_momentum | Data: mom=0.0
2026-04-03 20:30:04,851 [BotG] SKIP | eth-updown-5m-1775248200 | Reason: below_floor:0.0224 | Data: mom=-0.0224
2026-04-03 20:30:04,930 [BotG] SKIP | eth-updown-5m-1775248200 | Reason: below_floor:0.0219 | Data: mom=-0.0219
2026-04-03 20:30:05,026 [BotG] SKIP | xrp-updown-5m-1775248200 | Reason: dead_zone:0.0607 | Data: mom=-0.0607
2026-04-03 20:30:05,114 [BotG] SKIP | xrp-updown-5m-1775248200 | Reason: dead_zone:0.0607 | Data: mom=-0.0607
2026-04-03 20:30:05,294 [BotG] SKIP | doge-updown-5m-1775248200 | Reason: zero_momentum | Data: mom=0.0
2026-04-03 20:30:05,377 [BotG] SKIP | doge-updown-5m-1775248200 | Reason: zero_momentum | Data: mom=0.0
2026-04-03 20:30:16,322 [BotG] SKIP | bnb-updown-5m-1775248200 | Reason: zero_momentum | Data: mom=0.0
2026-04-03 20:30:16,470 [BotG] SKIP | bnb-updown-5m-1775248200 | Reason: zero_momentum | Data: mom=0.0
2026-04-03 20:30:16,553 [BotG] SKIP | btc-updown-5m-1775248200 | Reason: zero_momentum | Data: mom=0.0
2026-04-03 20:30:16,633 [BotG] SKIP | btc-updown-5m-1775248200 | Reason: zero_momentum | Data: mom=0.0
2026-04-03 20:30:16,716 [BotG] SKIP | sol-updown-5m-1775248200 | Reason: below_floor:0.0125 | Data: mom=0.0125
2026-04-03 20:30:16,794 [BotG] SKIP | sol-updown-5m-1775248200 | Reason: below_floor:0.0125 | Data: mom=0.0125
2026-04-03 20:30:16,872 [BotG] SKIP | eth-updown-5m-1775248200 | Reason: below_floor:0.0068 | Data: mom=-0.0068
2026-04-03 20:30:16,988 [BotG] SKIP | eth-updown-5m-1775248200 | Reason: below_floor:0.0068 | Data: mom=-0.0068
2026-04-03 20:30:17,077 [BotG] SKIP | xrp-updown-5m-1775248200 | Reason: below_floor:0.0076 | Data: mom=-0.0076
2026-04-03 20:30:17,158 [BotG] SKIP | xrp-updown-5m-1775248200 | Reason: below_floor:0.0076 | Data: mom=-0.0076
2026-04-03 20:30:17,251 [BotG] SKIP | doge-updown-5m-1775248200 | Reason: below_floor:0.0218 | Data: mom=0.0218
2026-04-03 20:30:17,331 [BotG] SKIP | doge-updown-5m-1775248200 | Reason: below_floor:0.0218 | Data: mom=0.0218
2026-04-03 20:30:29,220 [BotG] SKIP | bnb-updown-5m-1775248200 | Reason: strict_market_lockout | Data: market_id=0xf40b17fa51fd970bc8fbf8025a4fa697d5a8c4b821b84efd49e75c5dd74a56ca
2026-04-03 20:30:29,297 [BotG] SKIP | btc-updown-5m-1775248200 | Reason: below_floor:0.0218 | Data: mom=0.0218
2026-04-03 20:30:29,375 [BotG] SKIP | btc-updown-5m-1775248200 | Reason: below_floor:0.0218 | Data: mom=0.0218
2026-04-03 20:30:29,477 [BotG] SKIP | sol-updown-5m-1775248200 | Reason: dead_zone:0.0623 | Data: mom=0.0623
2026-04-03 20:30:29,556 [BotG] SKIP | sol-updown-5m-1775248200 | Reason: dead_zone:0.0623 | Data: mom=0.0623
2026-04-03 20:30:29,633 [BotG] SKIP | eth-updown-5m-1775248200 | Reason: below_floor:0.0341 | Data: mom=0.0341
2026-04-03 20:30:29,712 [BotG] SKIP | eth-updown-5m-1775248200 | Reason: below_floor:0.0341 | Data: mom=0.0341
2026-04-03 20:30:30,862 [BotG] SKIP | doge-updown-5m-1775248200 | Reason: below_floor:0.0218 | Data: mom=0.0218
2026-04-03 20:30:30,944 [BotG] SKIP | doge-updown-5m-1775248200 | Reason: below_floor:0.0218 | Data: mom=0.0218
