2026-04-03 20:21:34,602 [CRITICAL] risk.manager [Line: 266] __init__():
[RISK] Overriding config bankrolls! Using live wallet balance $60.52 as baseline.

2026-04-03 20:30:03,760 [ERROR] feeds.polymarket [Line: 498] _ws_connect():
Polymarket WS: Connection loop failed: no close frame received or sent

2026-04-03 20:30:30,217 [ERROR] feeds.polymarket [Line: 872] place_order():
[LIVE BotG] Order error: PolyApiException[status_code=400, error_message={'error': "order couldn't be fully filled. FOK orders are fully filled or killed."}]

2026-04-03 20:30:41,451 [ERROR] execution.redeemer [Line: 77] redeem():
Redemption error: {'code': -32000, 'message': 'insufficient funds for gas * price + value: balance 0, tx cost 18758298410400000, overshot 18758298410400000'}

2026-04-03 20:30:41,480 [ERROR] asyncio [Line: 1821] default_exception_handler():
Task exception was never retrieved
future: <Task finished name='Task-1' coro=<Orchestrator.run() done, defined at /home/ubuntu/polytest_legacy/main.py:90> exception=SystemExit(0)>
Traceback (most recent call last):
  File "/home/ubuntu/polytest_legacy/main.py", line 280, in <module>
    main()
  File "/home/ubuntu/polytest_legacy/main.py", line 276, in main
    asyncio.run(orch.run())
  File "/usr/lib/python3.12/asyncio/runners.py", line 193, in run
    with Runner(debug=debug, loop_factory=loop_factory) as runner:
  File "/usr/lib/python3.12/asyncio/runners.py", line 62, in __exit__
    self.close()
  File "/usr/lib/python3.12/asyncio/runners.py", line 70, in close
    _cancel_all_tasks(loop)
  File "/usr/lib/python3.12/asyncio/runners.py", line 205, in _cancel_all_tasks
    loop.run_until_complete(tasks.gather(*to_cancel, return_exceptions=True))
  File "/usr/lib/python3.12/asyncio/base_events.py", line 674, in run_until_complete
    self.run_forever()
  File "/usr/lib/python3.12/asyncio/base_events.py", line 641, in run_forever
    self._run_once()
  File "/usr/lib/python3.12/asyncio/base_events.py", line 1987, in _run_once
    handle._run()
  File "/usr/lib/python3.12/asyncio/events.py", line 88, in _run
    self._context.run(self._callback, *self._args)
  File "/home/ubuntu/polytest_legacy/main.py", line 163, in run
    await asyncio.gather(*tasks)
  File "/usr/lib/python3.12/asyncio/runners.py", line 194, in run
    return runner.run(main)
           ^^^^^^^^^^^^^^^^
  File "/usr/lib/python3.12/asyncio/runners.py", line 118, in run
    return self._loop.run_until_complete(task)
           ^^^^^^^^^^^^^^^^^^^^^^^^^^^^^^^^^^^
  File "/usr/lib/python3.12/asyncio/base_events.py", line 674, in run_until_complete
    self.run_forever()
  File "/usr/lib/python3.12/asyncio/base_events.py", line 641, in run_forever
    self._run_once()
  File "/usr/lib/python3.12/asyncio/base_events.py", line 1987, in _run_once
    handle._run()
  File "/usr/lib/python3.12/asyncio/events.py", line 88, in _run
    self._context.run(self._callback, *self._args)
  File "/home/ubuntu/polytest_legacy/main.py", line 175, in _health_monitor
    if self.global_risk and not await self.global_risk.check_health():
                                ^^^^^^^^^^^^^^^^^^^^^^^^^^^^^^^^^^^^^
  File "/home/ubuntu/polytest_legacy/risk/manager.py", line 646, in check_health
    total_pnl, bot_profit_pct, source = self._get_bot_pnl(bid, bot, bot_initial, since_ts=self._started_at)
                                        ^^^^^^^^^^^^^^^^^^^^^^^^^^^^^^^^^^^^^^^^^^^^^^^^^^^^^^^^^^^^^^^^^^^
  File "/home/ubuntu/polytest_legacy/risk/manager.py", line 337, in _get_bot_pnl
    result = self.polymarket_client.get_pnl_summary(
             ^^^^^^^^^^^^^^^^^^^^^^^^^^^^^^^^^^^^^^^
  File "/home/ubuntu/polytest_legacy/risk/polymarket_api.py", line 433, in get_pnl_summary
    portfolio = self.get_portfolio_value(address, since_ts=since_ts)
                ^^^^^^^^^^^^^^^^^^^^^^^^^^^^^^^^^^^^^^^^^^^^^^^^^^^^
  File "/home/ubuntu/polytest_legacy/risk/polymarket_api.py", line 392, in get_portfolio_value
    current_price = self.get_current_price(token_id)
                    ^^^^^^^^^^^^^^^^^^^^^^^^^^^^^^^^
  File "/home/ubuntu/polytest_legacy/risk/polymarket_api.py", line 141, in get_current_price
    response = requests.get(url, params=params, timeout=10)
               ^^^^^^^^^^^^^^^^^^^^^^^^^^^^^^^^^^^^^^^^^^^^
  File "/home/ubuntu/polytest_legacy/.venv/lib/python3.12/site-packages/requests/api.py", line 73, in get
    return request("get", url, params=params, **kwargs)
           ^^^^^^^^^^^^^^^^^^^^^^^^^^^^^^^^^^^^^^^^^^^^
  File "/home/ubuntu/polytest_legacy/.venv/lib/python3.12/site-packages/requests/api.py", line 59, in request
    return session.request(method=method, url=url, **kwargs)
           ^^^^^^^^^^^^^^^^^^^^^^^^^^^^^^^^^^^^^^^^^^^^^^^^^
  File "/home/ubuntu/polytest_legacy/.venv/lib/python3.12/site-packages/requests/sessions.py", line 592, in request
    resp = self.send(prep, **send_kwargs)
           ^^^^^^^^^^^^^^^^^^^^^^^^^^^^^^
  File "/home/ubuntu/polytest_legacy/.venv/lib/python3.12/site-packages/requests/sessions.py", line 706, in send
    r = adapter.send(request, **kwargs)
        ^^^^^^^^^^^^^^^^^^^^^^^^^^^^^^^
  File "/home/ubuntu/polytest_legacy/.venv/lib/python3.12/site-packages/requests/adapters.py", line 645, in send
    resp = conn.urlopen(
           ^^^^^^^^^^^^^
  File "/home/ubuntu/polytest_legacy/.venv/lib/python3.12/site-packages/urllib3/connectionpool.py", line 787, in urlopen
    response = self._make_request(
               ^^^^^^^^^^^^^^^^^^^
  File "/home/ubuntu/polytest_legacy/.venv/lib/python3.12/site-packages/urllib3/connectionpool.py", line 534, in _make_request
    response = conn.getresponse()
               ^^^^^^^^^^^^^^^^^^
  File "/home/ubuntu/polytest_legacy/.venv/lib/python3.12/site-packages/urllib3/connection.py", line 571, in getresponse
    httplib_response = super().getresponse()
                       ^^^^^^^^^^^^^^^^^^^^^
  File "/usr/lib/python3.12/http/client.py", line 1448, in getresponse
    response.begin()
  File "/usr/lib/python3.12/http/client.py", line 336, in begin
    version, status, reason = self._read_status()
                              ^^^^^^^^^^^^^^^^^^^
  File "/usr/lib/python3.12/http/client.py", line 297, in _read_status
    line = str(self.fp.readline(_MAXLINE + 1), "iso-8859-1")
               ^^^^^^^^^^^^^^^^^^^^^^^^^^^^^^
  File "/usr/lib/python3.12/socket.py", line 707, in readinto
    return self._sock.recv_into(b)
           ^^^^^^^^^^^^^^^^^^^^^^^
  File "/usr/lib/python3.12/ssl.py", line 1252, in recv_into
    return self.read(nbytes, buffer)
           ^^^^^^^^^^^^^^^^^^^^^^^^^
  File "/usr/lib/python3.12/ssl.py", line 1104, in read
    return self._sslobj.read(len, buffer)
           ^^^^^^^^^^^^^^^^^^^^^^^^^^^^^^
  File "/home/ubuntu/polytest_legacy/main.py", line 272, in _handle
    sys.exit(0)
SystemExit: 0
